00:00:07.367693 VirtualBox VM 7.1.4 r165100 win.amd64 (Oct 10 2024 18:57:17) release log
00:00:07.367696 Log opened 2024-12-12T10:38:23.635264400Z
00:00:07.367696 Build Type: release
00:00:07.367702 OS Product: Windows 11
00:00:07.367704 OS Release: 10.0.22631
00:00:07.367704 OS Service Pack: 
00:00:07.454505 DMI Product Name: 81FV
00:00:07.460668 DMI Product Version: Lenovo Legion Y530-15ICH
00:00:07.460687 Firmware type: UEFI
00:00:07.461277 Secure Boot: Enabled
00:00:07.461290 Host RAM: 8066MB (7.8GB) total, 1000MB available
00:00:07.461292 Executable: C:\Program Files\Oracle\VirtualBox\VirtualBoxVM.exe
00:00:07.461292 Process ID: 4960
00:00:07.461293 Package type: WINDOWS_64BITS_GENERIC
00:00:07.461293 Windows Features:
00:00:07.461294   Core Isolation (Memory Integrity): ENABLED
00:00:07.462361 Installed Extension Packs:
00:00:07.462376   None installed!
00:00:07.463209 Console: Machine state changed to 'Starting'
00:00:07.468256 GUI: Qt version: 6.5.3
00:00:07.468271 GUI: HID LEDs sync is enabled
00:00:07.477630 GUI: UIMediumEnumerator: Medium-enumeration finished!
00:00:07.525930 GUI: Cannot notify guest about VM window out-of-focus event
00:00:07.568843 SUP: Opened VMMR0.r0 (C:\Program Files\Oracle\VirtualBox/VMMR0.r0) at 0xXXXXXXXXXXXXXXXX loaded by the native ring-0 loader.
00:00:07.568866 SUP: windbg> .reload /f C:\Program Files\Oracle\VirtualBox/VMMR0.r0=0xXXXXXXXXXXXXXXXX
00:00:07.575371 Guest architecture: x86
00:00:07.575436 Guest OS type: 'Linux_64'
00:00:07.576386 fHMForced=true - No raw-mode support in this build!
00:00:07.576406 Using execution engine 1
00:00:07.582325 File system of 'C:\Users\joaog\OneDrive - Universidade de Aveiro\Desktop\UA\mect_1ano\AC\Pratica\guiao06\project-files\virtualbox\504d0795-1619-4d87-a07e-cde6ad076307\PE2\Snapshots' (snapshots) is ntfs
00:00:07.582337 File system of 'C:\Users\joaog\OneDrive - Universidade de Aveiro\Desktop\UA\mect_1ano\AC\Pratica\guiao06\project-files\virtualbox\504d0795-1619-4d87-a07e-cde6ad076307\PE2\Snapshots\{48c6ab58-8f0f-4c3f-88c4-6c0bd2e2145e}.vdi' is ntfs
00:00:07.609075 Shared Clipboard: Initialized OLE
00:00:07.609129 Shared Clipboard: Service loaded
00:00:07.609142 Shared Clipboard: Mode: Off
00:00:07.609227 Shared Clipboard: Service running in normal mode
00:00:07.625569 Drag and drop service loaded
00:00:07.625583 Drag and drop mode: Off
00:00:07.626979 Audio: Detected default audio driver type is 'HostAudioWas'
00:00:07.632028 ERROR [COM]: aRC=VBOX_E_IPRT_ERROR (0x80bb0005) aIID={6ac83d89-6ee7-4e33-8ae6-b257b2e81be8} aComponent={ConsoleWrap} aText={The VBoxGuestPropSvc service call failed with the error VERR_HGCM_SERVICE_NOT_FOUND}, preserve=false aResultDetail=-2900
00:00:07.632509 ************************* CFGM dump *************************
00:00:07.632515 [/] (level 0)
00:00:07.632517   CpuExecutionCap   <integer> = 0x0000000000000064 (100)
00:00:07.632519   EnablePAE         <integer> = 0x0000000000000001 (1)
00:00:07.632520   HMEnabled         <integer> = 0x0000000000000001 (1)
00:00:07.632521   MemBalloonSize    <integer> = 0x0000000000000000 (0, 0 B)
00:00:07.632525   Name              <string>  = "PE2" (cb=4)
00:00:07.632526   NumCPUs           <integer> = 0x0000000000000001 (1)
00:00:07.632528   PageFusionAllowed <integer> = 0x0000000000000000 (0)
00:00:07.632528   RamHoleSize       <integer> = 0x0000000020000000 (536 870 912, 512.0 MiB)
00:00:07.632530   RamSize           <integer> = 0x0000000020000000 (536 870 912, 512.0 MiB)
00:00:07.632532   TimerMillies      <integer> = 0x000000000000000a (10)
00:00:07.632533   UUID              <bytes>   = "4f 15 11 30 ef 4c cc 49 8a 16 11 42 26 d7 92 9d" (cb=16)
00:00:07.632536 
00:00:07.632536 [/CPUM/] (level 1)
00:00:07.632538   Enable64bit        <integer> = 0x0000000000000001 (1)
00:00:07.632539   GuestCpuName       <string>  = "host" (cb=5)
00:00:07.632540   NestedHWVirt       <integer> = 0x0000000000000000 (0)
00:00:07.632541   PortableCpuIdLevel <integer> = 0x0000000000000000 (0)
00:00:07.632541   SpecCtrl           <integer> = 0x0000000000000000 (0)
00:00:07.632542 
00:00:07.632543 [/CPUM/IsaExts/] (level 2)
00:00:07.632544 
00:00:07.632544 [/DBGC/] (level 1)
00:00:07.632545   GlobalInitScript <string>  = "C:\Users\joaog\.VirtualBox/dbgc-init" (cb=37)
00:00:07.632546   HistoryFile      <string>  = "C:\Users\joaog\.VirtualBox/dbgc-history" (cb=40)
00:00:07.632547   LocalInitScript  <string>  = "C:\Users\joaog\OneDrive - Universidade de Aveiro\Desktop\UA\mect_1ano\AC\Pratica\guiao06\project-files\virtualbox\504d0795-1619-4d87-a07e-cde6ad076307\PE2/dbgc-init" (cb=165)
00:00:07.632548 
00:00:07.632548 [/DBGF/] (level 1)
00:00:07.632549   Path <string>  = "C:\Users\joaog\OneDrive - Universidade de Aveiro\Desktop\UA\mect_1ano\AC\Pratica\guiao06\project-files\virtualbox\504d0795-1619-4d87-a07e-cde6ad076307\PE2/debug/;C:\Users\joaog\OneDrive - Universidade de Aveiro\Desktop\UA\mect_1ano\AC\Pratica\guiao06\project-files\virtualbox\504d0795-1619-4d87-a07e-cde6ad076307\PE2/;cache*C:\Users\joaog\OneDrive - Universidade de Aveiro\Desktop\UA\mect_1ano\AC\Pratica\guiao06\project-files\virtualbox\504d0795-1619-4d87-a07e-cde6ad076307\PE2/dbgcache/;C:\Users\joaog\" (cb=505)
00:00:07.632551 
00:00:07.632551 [/Devices/] (level 1)
00:00:07.632552 
00:00:07.632552 [/Devices/3c501/] (level 2)
00:00:07.632554 
00:00:07.632554 [/Devices/8237A/] (level 2)
00:00:07.632555 
00:00:07.632556 [/Devices/8237A/0/] (level 3)
00:00:07.632557   Trusted <integer> = 0x0000000000000001 (1)
00:00:07.632558 
00:00:07.632558 [/Devices/GIMDev/] (level 2)
00:00:07.632559 
00:00:07.632559 [/Devices/GIMDev/0/] (level 3)
00:00:07.632561   Trusted <integer> = 0x0000000000000001 (1)
00:00:07.632561 
00:00:07.632562 [/Devices/VMMDev/] (level 2)
00:00:07.632563 
00:00:07.632563 [/Devices/VMMDev/0/] (level 3)
00:00:07.632565   PCIBusNo      <integer> = 0x0000000000000000 (0)
00:00:07.632565   PCIDeviceNo   <integer> = 0x0000000000000004 (4)
00:00:07.632566   PCIFunctionNo <integer> = 0x0000000000000000 (0)
00:00:07.632567   Trusted       <integer> = 0x0000000000000001 (1)
00:00:07.632568 
00:00:07.632568 [/Devices/VMMDev/0/Config/] (level 4)
00:00:07.632569   GuestCoreDumpDir <string>  = "C:\Users\joaog\OneDrive - Universidade de Aveiro\Desktop\UA\mect_1ano\AC\Pratica\guiao06\project-files\virtualbox\504d0795-1619-4d87-a07e-cde6ad076307\PE2\Snapshots" (cb=165)
00:00:07.632570 
00:00:07.632571 [/Devices/VMMDev/0/LUN#0/] (level 4)
00:00:07.632572   Driver <string>  = "HGCM" (cb=5)
00:00:07.632573 
00:00:07.632573 [/Devices/VMMDev/0/LUN#0/Config/] (level 5)
00:00:07.632574 
00:00:07.632575 [/Devices/VMMDev/0/LUN#999/] (level 4)
00:00:07.632576   Driver <string>  = "MainStatus" (cb=11)
00:00:07.632577 
00:00:07.632577 [/Devices/VMMDev/0/LUN#999/Config/] (level 5)
00:00:07.632579   First                <integer> = 0x0000000000000000 (0)
00:00:07.632580   HasMediumAttachments <integer> = 0x0000000000000000 (0)
00:00:07.632581   Last                 <integer> = 0x0000000000000000 (0)
00:00:07.632582   iLedSet              <integer> = 0x0000000000000009 (9)
00:00:07.632583 
00:00:07.632583 [/Devices/acpi/] (level 2)
00:00:07.632584 
00:00:07.632584 [/Devices/acpi/0/] (level 3)
00:00:07.632586   PCIBusNo      <integer> = 0x0000000000000000 (0)
00:00:07.632586   PCIDeviceNo   <integer> = 0x0000000000000007 (7)
00:00:07.632587   PCIFunctionNo <integer> = 0x0000000000000000 (0)
00:00:07.632588   Trusted       <integer> = 0x0000000000000001 (1)
00:00:07.632589 
00:00:07.632589 [/Devices/acpi/0/Config/] (level 4)
00:00:07.632591   CpuHotPlug          <integer> = 0x0000000000000000 (0)
00:00:07.632592   FdcEnabled          <integer> = 0x0000000000000000 (0)
00:00:07.632593   HostBusPciAddress   <integer> = 0x0000000000000000 (0)
00:00:07.632593   HpetEnabled         <integer> = 0x0000000000000000 (0)
00:00:07.632594   IOAPIC              <integer> = 0x0000000000000001 (1)
00:00:07.632595   IocPciAddress       <integer> = 0x0000000000010000 (65 536)
00:00:07.632597   NumCPUs             <integer> = 0x0000000000000001 (1)
00:00:07.632598   Parallel0IoPortBase <integer> = 0x0000000000000000 (0)
00:00:07.632598   Parallel0Irq        <integer> = 0x0000000000000000 (0)
00:00:07.632599   Parallel1IoPortBase <integer> = 0x0000000000000000 (0)
00:00:07.632600   Parallel1Irq        <integer> = 0x0000000000000000 (0)
00:00:07.632601   Serial0IoPortBase   <integer> = 0x00000000000003f8 (1 016)
00:00:07.632602   Serial0Irq          <integer> = 0x0000000000000004 (4)
00:00:07.632603   Serial1IoPortBase   <integer> = 0x0000000000000000 (0)
00:00:07.632604   Serial1Irq          <integer> = 0x0000000000000000 (0)
00:00:07.632604   ShowCpu             <integer> = 0x0000000000000001 (1)
00:00:07.632605   ShowRtc             <integer> = 0x0000000000000000 (0)
00:00:07.632606   SmcEnabled          <integer> = 0x0000000000000000 (0)
00:00:07.632607 
00:00:07.632607 [/Devices/acpi/0/LUN#0/] (level 4)
00:00:07.632608   Driver <string>  = "ACPIHost" (cb=9)
00:00:07.632609 
00:00:07.632609 [/Devices/acpi/0/LUN#0/Config/] (level 5)
00:00:07.632610 
00:00:07.632610 [/Devices/ahci/] (level 2)
00:00:07.632611 
00:00:07.632611 [/Devices/ahci/0/] (level 3)
00:00:07.632613   PCIBusNo      <integer> = 0x0000000000000000 (0)
00:00:07.632614   PCIDeviceNo   <integer> = 0x000000000000000d (13)
00:00:07.632614   PCIFunctionNo <integer> = 0x0000000000000000 (0)
00:00:07.632615   Trusted       <integer> = 0x0000000000000001 (1)
00:00:07.632616 
00:00:07.632616 [/Devices/ahci/0/Config/] (level 4)
00:00:07.632617   Bootable  <integer> = 0x0000000000000001 (1)
00:00:07.632618   PortCount <integer> = 0x0000000000000001 (1)
00:00:07.632619 
00:00:07.632619 [/Devices/ahci/0/Config/Port0/] (level 5)
00:00:07.632620   Hotpluggable <integer> = 0x0000000000000000 (0)
00:00:07.632621 
00:00:07.632621 [/Devices/ahci/0/LUN#0/] (level 4)
00:00:07.632622   Driver <string>  = "VD" (cb=3)
00:00:07.632623 
00:00:07.632623 [/Devices/ahci/0/LUN#0/Config/] (level 5)
00:00:07.632624   BlockCache <integer> = 0x0000000000000001 (1)
00:00:07.632625   Format     <string>  = "vdi" (cb=4)
00:00:07.632626   Mountable  <integer> = 0x0000000000000000 (0)
00:00:07.632626   Path       <string>  = "C:\Users\joaog\OneDrive - Universidade de Aveiro\Desktop\UA\mect_1ano\AC\Pratica\guiao06\project-files\virtualbox\504d0795-1619-4d87-a07e-cde6ad076307\PE2\Snapshots\{48c6ab58-8f0f-4c3f-88c4-6c0bd2e2145e}.vdi" (cb=208)
00:00:07.632628   Type       <string>  = "HardDisk" (cb=9)
00:00:07.632628   UseNewIo   <integer> = 0x0000000000000001 (1)
00:00:07.632629 
00:00:07.632629 [/Devices/ahci/0/LUN#0/Config/Parent/] (level 6)
00:00:07.632631   Format <string>  = "vdi" (cb=4)
00:00:07.632632   Path   <string>  = "C:\Users\joaog\OneDrive - Universidade de Aveiro\Desktop\UA\mect_1ano\AC\Pratica\guiao06\project-files\virtualbox\504d0795-1619-4d87-a07e-cde6ad076307\PE2\Snapshots\{1a0dc487-df10-4279-b712-2d03fdb38119}.vdi" (cb=208)
00:00:07.632633 
00:00:07.632633 [/Devices/ahci/0/LUN#0/Config/Parent/Parent/] (level 7)
00:00:07.632635   Format <string>  = "vdi" (cb=4)
00:00:07.632635   Path   <string>  = "C:\Users\joaog\VirtualBox VMs\vyos_guiao06\VyOS_1.4_latest-disk001.vdi" (cb=71)
00:00:07.632636 
00:00:07.632636 [/Devices/ahci/0/LUN#0/Config/Parent/Parent/VDConfig/] (level 8)
00:00:07.632638   AllocationBlockSize <string>  = "1048576" (cb=8)
00:00:07.632639 
00:00:07.632639 [/Devices/ahci/0/LUN#0/Config/Parent/VDConfig/] (level 7)
00:00:07.632641   AllocationBlockSize <string>  = "1048576" (cb=8)
00:00:07.632642 
00:00:07.632642 [/Devices/ahci/0/LUN#0/Config/VDConfig/] (level 6)
00:00:07.632643   AllocationBlockSize <string>  = "1048576" (cb=8)
00:00:07.632644 
00:00:07.632644 [/Devices/ahci/0/LUN#999/] (level 4)
00:00:07.632646   Driver <string>  = "MainStatus" (cb=11)
00:00:07.632647 
00:00:07.632647 [/Devices/ahci/0/LUN#999/Config/] (level 5)
00:00:07.632648   DeviceInstance       <string>  = "ahci/0" (cb=7)
00:00:07.632649   First                <integer> = 0x0000000000000000 (0)
00:00:07.632650   HasMediumAttachments <integer> = 0x0000000000000001 (1)
00:00:07.632651   Last                 <integer> = 0x0000000000000000 (0)
00:00:07.632652   iLedSet              <integer> = 0x0000000000000004 (4)
00:00:07.632653 
00:00:07.632654 [/Devices/apic/] (level 2)
00:00:07.632655 
00:00:07.632655 [/Devices/apic/0/] (level 3)
00:00:07.632656   Trusted <integer> = 0x0000000000000001 (1)
00:00:07.632657 
00:00:07.632657 [/Devices/apic/0/Config/] (level 4)
00:00:07.632659   IOAPIC  <integer> = 0x0000000000000001 (1)
00:00:07.632659   Mode    <integer> = 0x0000000000000003 (3)
00:00:07.632660   NumCPUs <integer> = 0x0000000000000001 (1)
00:00:07.632661 
00:00:07.632661 [/Devices/dp8390/] (level 2)
00:00:07.632662 
00:00:07.632662 [/Devices/e1000/] (level 2)
00:00:07.632663 
00:00:07.632663 [/Devices/e1000/0/] (level 3)
00:00:07.632664   PCIBusNo      <integer> = 0x0000000000000000 (0)
00:00:07.632665   PCIDeviceNo   <integer> = 0x0000000000000003 (3)
00:00:07.632666   PCIFunctionNo <integer> = 0x0000000000000000 (0)
00:00:07.632667   Trusted       <integer> = 0x0000000000000001 (1)
00:00:07.632667 
00:00:07.632668 [/Devices/e1000/0/Config/] (level 4)
00:00:07.632669   AdapterType    <integer> = 0x0000000000000000 (0)
00:00:07.632670   CableConnected <integer> = 0x0000000000000001 (1)
00:00:07.632670   LineSpeed      <integer> = 0x0000000000000000 (0)
00:00:07.632671   MAC            <bytes>   = "08 00 27 9a c6 71" (cb=6)
00:00:07.632673 
00:00:07.632673 [/Devices/e1000/0/LUN#0/] (level 4)
00:00:07.632675   Driver <string>  = "UDPTunnel" (cb=10)
00:00:07.632676 
00:00:07.632676 [/Devices/e1000/0/LUN#0/Config/] (level 5)
00:00:07.632679   dest  <string>  = "127.0.0.1" (cb=10)
00:00:07.632680   dport <string>  = "10023" (cb=6)
00:00:07.632681   sport <string>  = "10022" (cb=6)
00:00:07.632682 
00:00:07.632682 [/Devices/e1000/0/LUN#999/] (level 4)
00:00:07.632684   Driver <string>  = "MainStatus" (cb=11)
00:00:07.632685 
00:00:07.632685 [/Devices/e1000/0/LUN#999/Config/] (level 5)
00:00:07.632686   First                <integer> = 0x0000000000000000 (0)
00:00:07.632687   HasMediumAttachments <integer> = 0x0000000000000000 (0)
00:00:07.632688   Last                 <integer> = 0x0000000000000000 (0)
00:00:07.632688   iLedSet              <integer> = 0x0000000000000005 (5)
00:00:07.632689 
00:00:07.632690 [/Devices/e1000/1/] (level 3)
00:00:07.632691   PCIBusNo      <integer> = 0x0000000000000000 (0)
00:00:07.632691   PCIDeviceNo   <integer> = 0x0000000000000008 (8)
00:00:07.632692   PCIFunctionNo <integer> = 0x0000000000000000 (0)
00:00:07.632692   Trusted       <integer> = 0x0000000000000001 (1)
00:00:07.632693 
00:00:07.632693 [/Devices/e1000/1/Config/] (level 4)
00:00:07.632695   AdapterType    <integer> = 0x0000000000000000 (0)
00:00:07.632696   CableConnected <integer> = 0x0000000000000001 (1)
00:00:07.632697   LineSpeed      <integer> = 0x0000000000000000 (0)
00:00:07.632699   MAC            <bytes>   = "08 00 27 42 78 b9" (cb=6)
00:00:07.632702 
00:00:07.632702 [/Devices/e1000/1/LUN#0/] (level 4)
00:00:07.632705   Driver <string>  = "UDPTunnel" (cb=10)
00:00:07.632706 
00:00:07.632706 [/Devices/e1000/1/LUN#0/Config/] (level 5)
00:00:07.632709   dest  <string>  = "127.0.0.1" (cb=10)
00:00:07.632710   dport <string>  = "10029" (cb=6)
00:00:07.632711   sport <string>  = "10028" (cb=6)
00:00:07.632712 
00:00:07.632712 [/Devices/e1000/1/LUN#999/] (level 4)
00:00:07.632714   Driver <string>  = "MainStatus" (cb=11)
00:00:07.632715 
00:00:07.632716 [/Devices/e1000/1/LUN#999/Config/] (level 5)
00:00:07.632718   First                <integer> = 0x0000000000000000 (0)
00:00:07.632720   HasMediumAttachments <integer> = 0x0000000000000000 (0)
00:00:07.632721   Last                 <integer> = 0x0000000000000000 (0)
00:00:07.632723   iLedSet              <integer> = 0x0000000000000006 (6)
00:00:07.632725 
00:00:07.632726 [/Devices/e1000/2/] (level 3)
00:00:07.632728   PCIBusNo      <integer> = 0x0000000000000000 (0)
00:00:07.632729   PCIDeviceNo   <integer> = 0x0000000000000009 (9)
00:00:07.632731   PCIFunctionNo <integer> = 0x0000000000000000 (0)
00:00:07.632732   Trusted       <integer> = 0x0000000000000001 (1)
00:00:07.632733 
00:00:07.632734 [/Devices/e1000/2/Config/] (level 4)
00:00:07.632736   AdapterType    <integer> = 0x0000000000000000 (0)
00:00:07.632737   CableConnected <integer> = 0x0000000000000000 (0)
00:00:07.632738   LineSpeed      <integer> = 0x0000000000000000 (0)
00:00:07.632740   MAC            <bytes>   = "08 00 27 2c 2f 98" (cb=6)
00:00:07.632743 
00:00:07.632743 [/Devices/e1000/2/LUN#0/] (level 4)
00:00:07.632746   Driver <string>  = "UDPTunnel" (cb=10)
00:00:07.632747 
00:00:07.632747 [/Devices/e1000/2/LUN#0/Config/] (level 5)
00:00:07.632750   dest  <string>  = "127.0.0.1" (cb=10)
00:00:07.632751   dport <string>  = "10035" (cb=6)
00:00:07.632752   sport <string>  = "10034" (cb=6)
00:00:07.632753 
00:00:07.632753 [/Devices/e1000/2/LUN#999/] (level 4)
00:00:07.632755   Driver <string>  = "MainStatus" (cb=11)
00:00:07.632756 
00:00:07.632757 [/Devices/e1000/2/LUN#999/Config/] (level 5)
00:00:07.632759   First                <integer> = 0x0000000000000000 (0)
00:00:07.632761   HasMediumAttachments <integer> = 0x0000000000000000 (0)
00:00:07.632763   Last                 <integer> = 0x0000000000000000 (0)
00:00:07.632765   iLedSet              <integer> = 0x0000000000000007 (7)
00:00:07.632766 
00:00:07.632767 [/Devices/e1000/3/] (level 3)
00:00:07.632769   PCIBusNo      <integer> = 0x0000000000000000 (0)
00:00:07.632770   PCIDeviceNo   <integer> = 0x000000000000000a (10)
00:00:07.632772   PCIFunctionNo <integer> = 0x0000000000000000 (0)
00:00:07.632773   Trusted       <integer> = 0x0000000000000001 (1)
00:00:07.632775 
00:00:07.632775 [/Devices/e1000/3/Config/] (level 4)
00:00:07.632777   AdapterType    <integer> = 0x0000000000000000 (0)
00:00:07.632779   CableConnected <integer> = 0x0000000000000000 (0)
00:00:07.632780   LineSpeed      <integer> = 0x0000000000000000 (0)
00:00:07.632782   MAC            <bytes>   = "08 00 27 5f 4b 0b" (cb=6)
00:00:07.632783 
00:00:07.632783 [/Devices/e1000/3/LUN#0/] (level 4)
00:00:07.632784   Driver <string>  = "UDPTunnel" (cb=10)
00:00:07.632785 
00:00:07.632785 [/Devices/e1000/3/LUN#0/Config/] (level 5)
00:00:07.632786   dest  <string>  = "127.0.0.1" (cb=10)
00:00:07.632787   dport <string>  = "10041" (cb=6)
00:00:07.632787   sport <string>  = "10040" (cb=6)
00:00:07.632788 
00:00:07.632788 [/Devices/e1000/3/LUN#999/] (level 4)
00:00:07.632790   Driver <string>  = "MainStatus" (cb=11)
00:00:07.632791 
00:00:07.632792 [/Devices/e1000/3/LUN#999/Config/] (level 5)
00:00:07.632794   First                <integer> = 0x0000000000000000 (0)
00:00:07.632796   HasMediumAttachments <integer> = 0x0000000000000000 (0)
00:00:07.632797   Last                 <integer> = 0x0000000000000000 (0)
00:00:07.632799   iLedSet              <integer> = 0x0000000000000008 (8)
00:00:07.632802 
00:00:07.632802 [/Devices/i8254/] (level 2)
00:00:07.632804 
00:00:07.632804 [/Devices/i8254/0/] (level 3)
00:00:07.632806 
00:00:07.632806 [/Devices/i8254/0/Config/] (level 4)
00:00:07.632808 
00:00:07.632809 [/Devices/i8259/] (level 2)
00:00:07.632810 
00:00:07.632811 [/Devices/i8259/0/] (level 3)
00:00:07.632813   Trusted <integer> = 0x0000000000000001 (1)
00:00:07.632814 
00:00:07.632814 [/Devices/i8259/0/Config/] (level 4)
00:00:07.632816 
00:00:07.632817 [/Devices/ichac97/] (level 2)
00:00:07.632819 
00:00:07.632819 [/Devices/ichac97/0/] (level 3)
00:00:07.632821   PCIBusNo      <integer> = 0x0000000000000000 (0)
00:00:07.632822   PCIDeviceNo   <integer> = 0x0000000000000005 (5)
00:00:07.632824   PCIFunctionNo <integer> = 0x0000000000000000 (0)
00:00:07.632825   Trusted       <integer> = 0x0000000000000001 (1)
00:00:07.632826 
00:00:07.632827 [/Devices/ichac97/0/AudioConfig/] (level 4)
00:00:07.632829 
00:00:07.632830 [/Devices/ichac97/0/Config/] (level 4)
00:00:07.632832   Codec        <string>  = "AD1980" (cb=7)
00:00:07.632833   DebugEnabled <integer> = 0x0000000000000000 (0)
00:00:07.632835 
00:00:07.632835 [/Devices/ichac97/0/LUN#0/] (level 4)
00:00:07.632837   Driver <string>  = "AUDIO" (cb=6)
00:00:07.632837 
00:00:07.632838 [/Devices/ichac97/0/LUN#0/AttachedDriver/] (level 5)
00:00:07.632839   Driver <string>  = "HostAudioWas" (cb=13)
00:00:07.632840 
00:00:07.632841 [/Devices/ichac97/0/LUN#0/AttachedDriver/Config/] (level 6)
00:00:07.632844   VmName <string>  = "PE2" (cb=4)
00:00:07.632845   VmUuid <string>  = "3011154f-4cef-49cc-8a16-114226d7929d" (cb=37)
00:00:07.632846 
00:00:07.632846 [/Devices/ichac97/0/LUN#0/Config/] (level 5)
00:00:07.632849   DriverName    <string>  = "HostAudioWas" (cb=13)
00:00:07.632850   InputEnabled  <integer> = 0x0000000000000000 (0)
00:00:07.632851   OutputEnabled <integer> = 0x0000000000000001 (1)
00:00:07.632852 
00:00:07.632853 [/Devices/ichac97/0/LUN#1/] (level 4)
00:00:07.632855   Driver <string>  = "AUDIO" (cb=6)
00:00:07.632856 
00:00:07.632856 [/Devices/ichac97/0/LUN#2/] (level 4)
00:00:07.632859   Driver <string>  = "AUDIO" (cb=6)
00:00:07.632860 
00:00:07.632860 [/Devices/ioapic/] (level 2)
00:00:07.632862 
00:00:07.632862 [/Devices/ioapic/0/] (level 3)
00:00:07.632864   Trusted <integer> = 0x0000000000000001 (1)
00:00:07.632865 
00:00:07.632866 [/Devices/ioapic/0/Config/] (level 4)
00:00:07.632868   NumCPUs <integer> = 0x0000000000000001 (1)
00:00:07.632869 
00:00:07.632870 [/Devices/mc146818/] (level 2)
00:00:07.632871 
00:00:07.632872 [/Devices/mc146818/0/] (level 3)
00:00:07.632874 
00:00:07.632874 [/Devices/mc146818/0/Config/] (level 4)
00:00:07.632875   UseUTC <integer> = 0x0000000000000001 (1)
00:00:07.632876 
00:00:07.632876 [/Devices/parallel/] (level 2)
00:00:07.632877 
00:00:07.632877 [/Devices/pcarch/] (level 2)
00:00:07.632878 
00:00:07.632878 [/Devices/pcarch/0/] (level 3)
00:00:07.632879   Trusted <integer> = 0x0000000000000001 (1)
00:00:07.632880 
00:00:07.632880 [/Devices/pcarch/0/Config/] (level 4)
00:00:07.632881 
00:00:07.632881 [/Devices/pcbios/] (level 2)
00:00:07.632882 
00:00:07.632882 [/Devices/pcbios/0/] (level 3)
00:00:07.632884   Trusted <integer> = 0x0000000000000001 (1)
00:00:07.632884 
00:00:07.632885 [/Devices/pcbios/0/Config/] (level 4)
00:00:07.632887   APIC               <integer> = 0x0000000000000001 (1)
00:00:07.632888   BootDevice0        <string>  = "FLOPPY" (cb=7)
00:00:07.632889   BootDevice1        <string>  = "DVD" (cb=4)
00:00:07.632890   BootDevice2        <string>  = "IDE" (cb=4)
00:00:07.632890   BootDevice3        <string>  = "NONE" (cb=5)
00:00:07.632891   FloppyDevice       <string>  = "i82078" (cb=7)
00:00:07.632892   HardDiskDevice     <string>  = "piix3ide" (cb=9)
00:00:07.632893   IOAPIC             <integer> = 0x0000000000000001 (1)
00:00:07.632894   McfgBase           <integer> = 0x0000000000000000 (0)
00:00:07.632895   McfgLength         <integer> = 0x0000000000000000 (0)
00:00:07.632896   NumCPUs            <integer> = 0x0000000000000001 (1)
00:00:07.632897   PXEDebug           <integer> = 0x0000000000000000 (0)
00:00:07.632898   SataHardDiskDevice <string>  = "ahci" (cb=5)
00:00:07.632899   SataLUN1           <integer> = 0x0000000000000000 (0)
00:00:07.632900   UUID               <bytes>   = "4f 15 11 30 ef 4c cc 49 8a 16 11 42 26 d7 92 9d" (cb=16)
00:00:07.632902   UuidLe             <integer> = 0x0000000000000001 (1)
00:00:07.632903 
00:00:07.632903 [/Devices/pcbios/0/Config/NetBoot/] (level 5)
00:00:07.632905 
00:00:07.632905 [/Devices/pcbios/0/Config/NetBoot/0/] (level 6)
00:00:07.632907   NIC           <integer> = 0x0000000000000000 (0)
00:00:07.632908   PCIBusNo      <integer> = 0x0000000000000000 (0)
00:00:07.632909   PCIDeviceNo   <integer> = 0x0000000000000003 (3)
00:00:07.632911   PCIFunctionNo <integer> = 0x0000000000000000 (0)
00:00:07.632912 
00:00:07.632912 [/Devices/pci/] (level 2)
00:00:07.632914 
00:00:07.632914 [/Devices/pci/0/] (level 3)
00:00:07.632916   Trusted <integer> = 0x0000000000000001 (1)
00:00:07.632917 
00:00:07.632918 [/Devices/pci/0/Config/] (level 4)
00:00:07.632920   IOAPIC <integer> = 0x0000000000000001 (1)
00:00:07.632921 
00:00:07.632921 [/Devices/pcibridge/] (level 2)
00:00:07.632923 
00:00:07.632923 [/Devices/pckbd/] (level 2)
00:00:07.632925 
00:00:07.632925 [/Devices/pckbd/0/] (level 3)
00:00:07.632927   Trusted <integer> = 0x0000000000000001 (1)
00:00:07.632928 
00:00:07.632929 [/Devices/pckbd/0/Config/] (level 4)
00:00:07.632931 
00:00:07.632931 [/Devices/pckbd/0/LUN#0/] (level 4)
00:00:07.632933   Driver <string>  = "KeyboardQueue" (cb=14)
00:00:07.632934 
00:00:07.632935 [/Devices/pckbd/0/LUN#0/AttachedDriver/] (level 5)
00:00:07.632937   Driver <string>  = "MainKeyboard" (cb=13)
00:00:07.632938 
00:00:07.632939 [/Devices/pckbd/0/LUN#0/Config/] (level 5)
00:00:07.632941   QueueSize <integer> = 0x0000000000000040 (64, 64 B)
00:00:07.632943 
00:00:07.632944 [/Devices/pckbd/0/LUN#1/] (level 4)
00:00:07.632946   Driver <string>  = "MouseQueue" (cb=11)
00:00:07.632947 
00:00:07.632947 [/Devices/pckbd/0/LUN#1/AttachedDriver/] (level 5)
00:00:07.632950   Driver <string>  = "MainMouse" (cb=10)
00:00:07.632951 
00:00:07.632951 [/Devices/pckbd/0/LUN#1/Config/] (level 5)
00:00:07.632954   QueueSize <integer> = 0x0000000000000080 (128, 128 B)
00:00:07.632955 
00:00:07.632956 [/Devices/pcnet/] (level 2)
00:00:07.632956 
00:00:07.632957 [/Devices/piix3ide/] (level 2)
00:00:07.632957 
00:00:07.632958 [/Devices/piix3ide/0/] (level 3)
00:00:07.632959   PCIBusNo      <integer> = 0x0000000000000000 (0)
00:00:07.632960   PCIDeviceNo   <integer> = 0x0000000000000001 (1)
00:00:07.632962   PCIFunctionNo <integer> = 0x0000000000000001 (1)
00:00:07.632963   Trusted       <integer> = 0x0000000000000001 (1)
00:00:07.632964 
00:00:07.632964 [/Devices/piix3ide/0/Config/] (level 4)
00:00:07.632966   Type <string>  = "PIIX4" (cb=6)
00:00:07.632967 
00:00:07.632968 [/Devices/piix3ide/0/LUN#2/] (level 4)
00:00:07.632970   Driver <string>  = "VD" (cb=3)
00:00:07.632971 
00:00:07.632971 [/Devices/piix3ide/0/LUN#2/Config/] (level 5)
00:00:07.632974   EmptyDrive <integer> = 0x0000000000000001 (1)
00:00:07.632975   Mountable  <integer> = 0x0000000000000001 (1)
00:00:07.632977   Type       <string>  = "DVD" (cb=4)
00:00:07.632978 
00:00:07.632978 [/Devices/piix3ide/0/LUN#999/] (level 4)
00:00:07.632981   Driver <string>  = "MainStatus" (cb=11)
00:00:07.632982 
00:00:07.632982 [/Devices/piix3ide/0/LUN#999/Config/] (level 5)
00:00:07.632985   DeviceInstance       <string>  = "piix3ide/0" (cb=11)
00:00:07.632986   First                <integer> = 0x0000000000000000 (0)
00:00:07.632988   HasMediumAttachments <integer> = 0x0000000000000001 (1)
00:00:07.632989   Last                 <integer> = 0x0000000000000003 (3)
00:00:07.632991   iLedSet              <integer> = 0x0000000000000003 (3)
00:00:07.632993 
00:00:07.632993 [/Devices/serial/] (level 2)
00:00:07.632995 
00:00:07.632996 [/Devices/serial/0/] (level 3)
00:00:07.632997   Trusted <integer> = 0x0000000000000001 (1)
00:00:07.632998 
00:00:07.632998 [/Devices/serial/0/Config/] (level 4)
00:00:07.632999   IOAddress <integer> = 0x00000000000003f8 (1 016)
00:00:07.633000   IRQ       <integer> = 0x0000000000000004 (4)
00:00:07.633001   UartType  <string>  = "16550A" (cb=7)
00:00:07.633001 
00:00:07.633001 [/Devices/serial/0/LUN#0/] (level 4)
00:00:07.633002   Driver <string>  = "Char" (cb=5)
00:00:07.633003 
00:00:07.633003 [/Devices/serial/0/LUN#0/AttachedDriver/] (level 5)
00:00:07.633005   Driver <string>  = "NamedPipe" (cb=10)
00:00:07.633005 
00:00:07.633005 [/Devices/serial/0/LUN#0/AttachedDriver/Config/] (level 6)
00:00:07.633007   IsServer <integer> = 0x0000000000000001 (1)
00:00:07.633008   Location <string>  = "\\.\pipe\gns3_vbox\504d0795-1619-4d87-a07e-cde6ad076307" (cb=56)
00:00:07.633008 
00:00:07.633010 [/Devices/usb-ehci/] (level 2)
00:00:07.633011 
00:00:07.633011 [/Devices/usb-ehci/0/] (level 3)
00:00:07.633016   PCIBusNo      <integer> = 0x0000000000000000 (0)
00:00:07.633017   PCIDeviceNo   <integer> = 0x000000000000000b (11)
00:00:07.633018   PCIFunctionNo <integer> = 0x0000000000000000 (0)
00:00:07.633020   Trusted       <integer> = 0x0000000000000001 (1)
00:00:07.633021 
00:00:07.633022 [/Devices/usb-ehci/0/Config/] (level 4)
00:00:07.633024 
00:00:07.633024 [/Devices/usb-ehci/0/LUN#0/] (level 4)
00:00:07.633027   Driver <string>  = "VUSBRootHub" (cb=12)
00:00:07.633028 
00:00:07.633028 [/Devices/usb-ehci/0/LUN#0/Config/] (level 5)
00:00:07.633029 
00:00:07.633030 [/Devices/usb-ehci/0/LUN#999/] (level 4)
00:00:07.633032   Driver <string>  = "MainStatus" (cb=11)
00:00:07.633033 
00:00:07.633033 [/Devices/usb-ehci/0/LUN#999/Config/] (level 5)
00:00:07.633036   First                <integer> = 0x0000000000000000 (0)
00:00:07.633038   HasMediumAttachments <integer> = 0x0000000000000000 (0)
00:00:07.633039   Last                 <integer> = 0x0000000000000000 (0)
00:00:07.633041   iLedSet              <integer> = 0x0000000000000002 (2)
00:00:07.633043 
00:00:07.633044 [/Devices/usb-ohci/] (level 2)
00:00:07.633045 
00:00:07.633046 [/Devices/usb-ohci/0/] (level 3)
00:00:07.633047   PCIBusNo      <integer> = 0x0000000000000000 (0)
00:00:07.633048   PCIDeviceNo   <integer> = 0x0000000000000006 (6)
00:00:07.633049   PCIFunctionNo <integer> = 0x0000000000000000 (0)
00:00:07.633049   Trusted       <integer> = 0x0000000000000001 (1)
00:00:07.633050 
00:00:07.633051 [/Devices/usb-ohci/0/Config/] (level 4)
00:00:07.633052 
00:00:07.633052 [/Devices/usb-ohci/0/LUN#0/] (level 4)
00:00:07.633053   Driver <string>  = "VUSBRootHub" (cb=12)
00:00:07.633054 
00:00:07.633054 [/Devices/usb-ohci/0/LUN#0/Config/] (level 5)
00:00:07.633055 
00:00:07.633056 [/Devices/usb-ohci/0/LUN#999/] (level 4)
00:00:07.633057   Driver <string>  = "MainStatus" (cb=11)
00:00:07.633058 
00:00:07.633058 [/Devices/usb-ohci/0/LUN#999/Config/] (level 5)
00:00:07.633060   First                <integer> = 0x0000000000000000 (0)
00:00:07.633061   HasMediumAttachments <integer> = 0x0000000000000000 (0)
00:00:07.633061   Last                 <integer> = 0x0000000000000000 (0)
00:00:07.633062   iLedSet              <integer> = 0x0000000000000001 (1)
00:00:07.633063 
00:00:07.633064 [/Devices/vga/] (level 2)
00:00:07.633064 
00:00:07.633065 [/Devices/vga/0/] (level 3)
00:00:07.633066   PCIBusNo      <integer> = 0x0000000000000000 (0)
00:00:07.633066   PCIDeviceNo   <integer> = 0x0000000000000002 (2)
00:00:07.633067   PCIFunctionNo <integer> = 0x0000000000000000 (0)
00:00:07.633067   Trusted       <integer> = 0x0000000000000001 (1)
00:00:07.633068 
00:00:07.633069 [/Devices/vga/0/Config/] (level 4)
00:00:07.633070   3DEnabled             <integer> = 0x0000000000000000 (0)
00:00:07.633071   CustomVideoModes      <integer> = 0x0000000000000000 (0)
00:00:07.633072   FadeIn                <integer> = 0x0000000000000001 (1)
00:00:07.633072   FadeOut               <integer> = 0x0000000000000001 (1)
00:00:07.633073   HeightReduction       <integer> = 0x0000000000000000 (0)
00:00:07.633074   LogoFile              <string>  = "" (cb=1)
00:00:07.633075   LogoTime              <integer> = 0x0000000000000000 (0)
00:00:07.633075   MonitorCount          <integer> = 0x0000000000000001 (1)
00:00:07.633076   ShowBootMenu          <integer> = 0x0000000000000002 (2)
00:00:07.633077   VMSVGA3dEnabled       <integer> = 0x0000000000000000 (0)
00:00:07.633078   VMSVGAEnabled         <integer> = 0x0000000000000001 (1)
00:00:07.633078   VMSVGAPciBarLayout    <integer> = 0x0000000000000001 (1)
00:00:07.633079   VMSVGAPciId           <integer> = 0x0000000000000001 (1)
00:00:07.633080   VRamSize              <integer> = 0x0000000004000000 (67 108 864, 64.0 MiB)
00:00:07.633082   VmSvga3               <integer> = 0x0000000000000000 (0)
00:00:07.633083   VmSvgaExposeLegacyVga <integer> = 0x0000000000000001 (1)
00:00:07.633083 
00:00:07.633084 [/Devices/vga/0/LUN#0/] (level 4)
00:00:07.633085   Driver <string>  = "MainDisplay" (cb=12)
00:00:07.633085 
00:00:07.633086 [/Devices/vga/0/LUN#0/Config/] (level 5)
00:00:07.633087 
00:00:07.633087 [/Devices/vga/0/LUN#999/] (level 4)
00:00:07.633088   Driver <string>  = "MainStatus" (cb=11)
00:00:07.633089 
00:00:07.633089 [/Devices/vga/0/LUN#999/Config/] (level 5)
00:00:07.633090   First                <integer> = 0x0000000000000000 (0)
00:00:07.633091   HasMediumAttachments <integer> = 0x0000000000000000 (0)
00:00:07.633092   Last                 <integer> = 0x0000000000000000 (0)
00:00:07.633093   iLedSet              <integer> = 0x0000000000000000 (0)
00:00:07.633094 
00:00:07.633094 [/Devices/virtio-net/] (level 2)
00:00:07.633095 
00:00:07.633095 [/EM/] (level 1)
00:00:07.633096   TripleFaultReset <integer> = 0x0000000000000000 (0)
00:00:07.633097 
00:00:07.633097 [/GCM/] (level 1)
00:00:07.633098   MesaVmsvgaDrv <integer> = 0x0000000000000001 (1)
00:00:07.633099 
00:00:07.633099 [/GIM/] (level 1)
00:00:07.633100   Provider <string>  = "KVM" (cb=4)
00:00:07.633100 
00:00:07.633101 [/HM/] (level 1)
00:00:07.633102   64bitEnabled            <integer> = 0x0000000000000001 (1)
00:00:07.633103   EnableLargePages        <integer> = 0x0000000000000001 (1)
00:00:07.633104   EnableNestedPaging      <integer> = 0x0000000000000001 (1)
00:00:07.633105   EnableUX                <integer> = 0x0000000000000001 (1)
00:00:07.633106   EnableVPID              <integer> = 0x0000000000000001 (1)
00:00:07.633107   Exclusive               <integer> = 0x0000000000000000 (0)
00:00:07.633108   HMForced                <integer> = 0x0000000000000001 (1)
00:00:07.633109   IBPBOnVMEntry           <integer> = 0x0000000000000000 (0)
00:00:07.633110   IBPBOnVMExit            <integer> = 0x0000000000000000 (0)
00:00:07.633110   L1DFlushOnSched         <integer> = 0x0000000000000001 (1)
00:00:07.633111   L1DFlushOnVMEntry       <integer> = 0x0000000000000000 (0)
00:00:07.633112   LovelyMesaDrvWorkaround <integer> = 0x0000000000000001 (1)
00:00:07.633113   MDSClearOnSched         <integer> = 0x0000000000000001 (1)
00:00:07.633113   MDSClearOnVMEntry       <integer> = 0x0000000000000000 (0)
00:00:07.633114   SpecCtrlByHost          <integer> = 0x0000000000000000 (0)
00:00:07.633115   SvmVirtVmsaveVmload     <integer> = 0x0000000000000000 (0)
00:00:07.633115   UseNEMInstead           <integer> = 0x0000000000000000 (0)
00:00:07.633116 
00:00:07.633116 [/MM/] (level 1)
00:00:07.633117   CanUseLargerHeap <integer> = 0x0000000000000000 (0)
00:00:07.633118 
00:00:07.633118 [/NEM/] (level 1)
00:00:07.633119   Allow64BitGuests        <integer> = 0x0000000000000001 (1)
00:00:07.633120   LovelyMesaDrvWorkaround <integer> = 0x0000000000000001 (1)
00:00:07.633121 
00:00:07.633121 [/PDM/] (level 1)
00:00:07.633122 
00:00:07.633123 [/PDM/AsyncCompletion/] (level 2)
00:00:07.633124 
00:00:07.633125 [/PDM/AsyncCompletion/File/] (level 3)
00:00:07.633127 
00:00:07.633127 [/PDM/AsyncCompletion/File/BwGroups/] (level 4)
00:00:07.633130 
00:00:07.633130 [/PDM/BlkCache/] (level 2)
00:00:07.633132   CacheSize <integer> = 0x0000000000500000 (5 242 880, 5.0 MiB)
00:00:07.633134 
00:00:07.633134 [/PDM/Devices/] (level 2)
00:00:07.633136 
00:00:07.633136 [/PDM/Drivers/] (level 2)
00:00:07.633138 
00:00:07.633138 [/PDM/Drivers/VBoxC/] (level 3)
00:00:07.633140   Path <string>  = "VBoxC" (cb=6)
00:00:07.633141 
00:00:07.633141 [/PDM/NetworkShaper/] (level 2)
00:00:07.633143 
00:00:07.633143 [/PDM/NetworkShaper/BwGroups/] (level 3)
00:00:07.633145 
00:00:07.633146 [/TM/] (level 1)
00:00:07.633147   UTCOffset <integer> = 0x0000000000000000 (0)
00:00:07.633148 
00:00:07.633148 [/USB/] (level 1)
00:00:07.633150 
00:00:07.633150 [/USB/USBProxy/] (level 2)
00:00:07.633152 
00:00:07.633152 [/USB/USBProxy/GlobalConfig/] (level 3)
00:00:07.633155 
00:00:07.633156 ********************* End of CFGM dump **********************
00:00:07.633488 HM: HMR3Init: Attempting fall back to NEM: VT-x is not available
00:00:07.644794 GUI: UIMediumEnumerator: Medium-enumeration finished!
00:00:07.664505 NEM:  info: Found optional import WinHvPlatform.dll!WHvQueryGpaRangeDirtyBitmap.
00:00:07.664520 NEM:  info: Found optional import vid.dll!VidGetHvPartitionId.
00:00:07.664526 NEM:  info: Found optional import vid.dll!VidGetPartitionProperty.
00:00:07.664596 NEM: WHvCapabilityCodeHypervisorPresent is TRUE, so this might work...
00:00:07.664607 NEM: WHvCapabilityCodeExtendedVmExits      = 0x0000000000007fff
00:00:07.664614 NEM:                       fExtendedMsrExit: 1
00:00:07.664620 NEM:                     fExtendedCpuIdExit: 1
00:00:07.664625 NEM:                      fExtendedXcptExit: 1
00:00:07.664631 NEM: Warning! Unknown VM exit definitions: 0x7fff
00:00:07.664636 NEM: Warning! Unknown feature definitions: 0x2ff
00:00:07.664641 NEM: Supported exception exit bitmap: 0xf7dfb
00:00:07.664653 NEM: WHvCapabilityCodeProcessorVendor      = 1 - Intel
00:00:07.664675 NEM: WHvCapabilityCodeProcessorFeatures    = 0x100178cfe7f7859f
00:00:07.664681 NEM:                            Sse3Support: 1
00:00:07.664687 NEM:                        LahfSahfSupport: 1
00:00:07.664692 NEM:                           Ssse3Support: 1
00:00:07.664698 NEM:                          Sse4_1Support: 1
00:00:07.664703 NEM:                          Sse4_2Support: 1
00:00:07.664708 NEM:                           Sse4aSupport: 0
00:00:07.664714 NEM:                             XopSupport: 0
00:00:07.664719 NEM:                          PopCntSupport: 1
00:00:07.664725 NEM:                      Cmpxchg16bSupport: 1
00:00:07.664730 NEM:                       Altmovcr8Support: 0
00:00:07.664735 NEM:                           LzcntSupport: 1
00:00:07.664740 NEM:                     MisAlignSseSupport: 0
00:00:07.664746 NEM:                          MmxExtSupport: 0
00:00:07.664751 NEM:                        Amd3DNowSupport: 0
00:00:07.664756 NEM:                ExtendedAmd3DNowSupport: 0
00:00:07.664762 NEM:                         Page1GbSupport: 1
00:00:07.664767 NEM:                             AesSupport: 1
00:00:07.664772 NEM:                       PclmulqdqSupport: 1
00:00:07.664778 NEM:                            PcidSupport: 1
00:00:07.664783 NEM:                            Fma4Support: 0
00:00:07.664788 NEM:                            F16CSupport: 1
00:00:07.664794 NEM:                          RdRandSupport: 1
00:00:07.664799 NEM:                        RdWrFsGsSupport: 1
00:00:07.664804 NEM:                            SmepSupport: 1
00:00:07.664810 NEM:              EnhancedFastStringSupport: 1
00:00:07.664815 NEM:                            Bmi1Support: 1
00:00:07.664820 NEM:                            Bmi2Support: 1
00:00:07.664826 NEM:                           MovbeSupport: 1
00:00:07.664831 NEM:                          Npiep1Support: 1
00:00:07.664837 NEM:                   DepX87FPUSaveSupport: 1
00:00:07.664842 NEM:                          RdSeedSupport: 1
00:00:07.664847 NEM:                             AdxSupport: 1
00:00:07.664853 NEM:                   IntelPrefetchSupport: 1
00:00:07.664858 NEM:                            SmapSupport: 1
00:00:07.664863 NEM:                             HleSupport: 0
00:00:07.664868 NEM:                             RtmSupport: 0
00:00:07.664875 NEM:                          RdtscpSupport: 1
00:00:07.664881 NEM:                      ClflushoptSupport: 1
00:00:07.664886 NEM:                            ClwbSupport: 0
00:00:07.664892 NEM:                             ShaSupport: 0
00:00:07.664897 NEM:                X87PointersSavedSupport: 0
00:00:07.664902 NEM: Warning! Unknown CPU features: 0x100178cfe7f7859f
00:00:07.664915 NEM: WHvCapabilityCodeProcessorClFlushSize = 2^8
00:00:07.664921 NEM: Warning! Unknown capability 0x4 returning: 3f 00 00 00 00 00 00 00 00 00 00 00 00 00 00 00 00 00 00 00 00 00 00 00
00:00:07.664930 NEM: Warning! Unknown capability 0x5 returning: 03 00 00 00 00 00 00 00 00 00 00 00 00 00 00 00 00 00 00 00 00 00 00 00
00:00:07.664951 NEM: Warning! Unknown capability 0x6 returning: 00 00 00 00 00 00 00 00 00 00 00 00 00 00 00 00 00 00 00 00 00 00 00 00
00:00:07.665311 NEM: Warning! Unknown capability 0x1003 returning: 3f 38 00 00 00 00 00 00 00 00 00 00 00 00 00 00 00 00 00 00 00 00 00 00
00:00:07.665330 NEM: Warning! Unknown capability 0x1004 returning: 89 5d 54 89 00 00 00 00 00 00 00 00 00 00 00 00 00 00 00 00 00 00 00 00
00:00:07.665340 NEM: Warning! Unknown capability 0x1005 returning: 00 c2 eb 0b 00 00 00 00 00 00 00 00 00 00 00 00 00 00 00 00 00 00 00 00
00:00:07.665349 NEM: Warning! Unknown capability 0x1006 returning: 02 00 00 00 00 00 00 00 9f 85 f7 e7 cf 78 01 10 41 00 06 00 00 00 00 00
00:00:07.665357 NEM: Warning! Unknown capability 0x1007 returning: 00 00 00 00 00 00 00 00 00 00 00 00 00 00 00 00 00 00 00 00 00 00 00 00
00:00:07.665370 NEM: Warning! Unknown capability 0x1008 returning: 01 00 00 00 00 00 00 00 ff 8f 44 7f 00 00 00 00 00 00 00 00 00 00 00 00
00:00:07.665382 NEM: Warning! Unknown capability 0x1009 returning: 03 00 00 00 00 00 00 00 00 00 00 00 00 00 00 00 00 00 00 00 00 00 00 00
00:00:07.666637 NEM: Created partition 000001cb54690060.
00:00:07.666659 NEM: Adjusting APIC configuration from X2APIC to APIC max mode.  X2APIC is not supported by the WinHvPlatform API!
00:00:07.666664 NEM: Disable Hyper-V if you need X2APIC for your guests!
00:00:07.666682 PGM: Enabling NEM mode
00:00:07.666806 NEM:
00:00:07.666806 NEM: NEMR3Init: Snail execution mode is active!
00:00:07.666806 NEM: Note! VirtualBox is not able to run at its full potential in this execution mode.
00:00:07.666806 NEM:       To see VirtualBox run at max speed you need to disable all Windows features
00:00:07.666806 NEM:       making use of Hyper-V.  That is a moving target, so google how and carefully
00:00:07.666806 NEM:       consider the consequences of disabling these features.
00:00:07.666807 NEM:
00:00:07.666833 CPUM: No hardware-virtualization capability detected
00:00:07.666839 CPUM: fXStateHostMask=0x7; initial: 0x7; host XCR0=0x1f
00:00:07.669125 CPUM: Matched host CPU INTEL 0x6/0x9e/0xa Intel_Core7_CoffeeLake with CPU DB entry 'Intel Core i7-6700K' (INTEL 0x6/0x5e/0x3 Intel_Core7_Skylake)
00:00:07.669220 CPUM: MXCSR_MASK=0xffff (host: 0xffff)
00:00:07.669252 CPUM: Microcode revision 0x000000DE
00:00:07.669279 CPUM: MSR/CPUID reconciliation insert: 0x0000010b IA32_FLUSH_CMD
00:00:07.669288 CPUM: MSR/CPUID reconciliation insert: 0x0000010a IA32_ARCH_CAPABILITIES
00:00:07.669298 CPUM: MSR fudge: 0x00000001 IA32_P5_MC_TYPE
00:00:07.669307 CPUM: MSR fudge: 0x00000017 IA32_PLATFORM_ID
00:00:07.669312 CPUM: MSR fudge: 0x0000001b IA32_APIC_BASE
00:00:07.669318 CPUM: MSR fudge: 0x0000008b BIOS_SIGN
00:00:07.669324 CPUM: MSR fudge: 0x000000fe IA32_MTRRCAP
00:00:07.669329 CPUM: MSR fudge: 0x00000179 IA32_MCG_CAP
00:00:07.669334 CPUM: MSR fudge: 0x0000017a IA32_MCG_STATUS
00:00:07.669339 CPUM: MSR fudge: 0x000001a0 IA32_MISC_ENABLE
00:00:07.669344 CPUM: MSR fudge: 0x000001d9 IA32_DEBUGCTL
00:00:07.669349 CPUM: MSR fudge: 0x000001db P6_LAST_BRANCH_FROM_IP
00:00:07.669353 CPUM: MSR fudge: 0x000001dc P6_LAST_BRANCH_TO_IP
00:00:07.669358 CPUM: MSR fudge: 0x000001dd P6_LAST_INT_FROM_IP
00:00:07.669364 CPUM: MSR fudge: 0x000001de P6_LAST_INT_TO_IP
00:00:07.669369 CPUM: MSR fudge: 0x00000277 IA32_PAT
00:00:07.669375 CPUM: MSR fudge: 0x000002ff IA32_MTRR_DEF_TYPE
00:00:07.669380 CPUM: MSR fudge: 0x00000400 IA32_MCi_CTL_STATUS_ADDR_MISC
00:00:07.669391 CPUM: MSR fudge: 0xc0000103 AMD64_TSC_AUX
00:00:07.669397 CPUM: MSR fudge: 0x00000122 IA32_TSX_CTRL
00:00:07.669413 CPUM: SetGuestCpuIdFeature: Enabled SYSENTER/EXIT
00:00:07.669420 CPUM: SetGuestCpuIdFeature: Enabled SYSCALL/RET
00:00:07.669425 CPUM: SetGuestCpuIdFeature: Enabled PAE
00:00:07.669430 CPUM: SetGuestCpuIdFeature: Enabled LAHF/SAHF
00:00:07.669435 CPUM: SetGuestCpuIdFeature: Enabled NX
00:00:07.669440 CPUM: SetGuestCpuIdFeature: Enabled LONG MODE
00:00:07.669445 CPUM: Enabled MTRR read-write support
00:00:07.669454 CPUM: Enabled fixed-range MTRRs and 16 (virtualized) variable-range MTRRs
00:00:07.679585 NEM: HvPartitionPropertyProcessorVendor=0x1 (1)
00:00:07.679585 NEM: Successfully set up partition (device handle 00000000000011a5, partition ID 0x0)
00:00:07.679585 PGM: Host paging mode: AMD64+NX
00:00:07.679585 PGM: PGMPool: cMaxPages=512 (u64MaxPages=288)
00:00:07.679585 PGM: pgmR3PoolInit: cMaxPages=0x200 cMaxUsers=0x400 cMaxPhysExts=0x400 fCacheEnable=true
00:00:07.687139 SUPLib: MEM_LARGE_PAGES privilege not held.
00:00:07.701088 TM: GIP - u32Mode=3 (Invariant) u32UpdateHz=93 u32UpdateIntervalNS=10741500 enmUseTscDelta=2 (Practically Zero) fGetGipCpu=0x1b cCpus=8
00:00:07.701106 TM: GIP - u64CpuHz=2 304 007 524 (0x89545d64)  SUPGetCpuHzFromGip => 2 304 007 524
00:00:07.701112 TM: GIP - CPU: iCpuSet=0x0 idCpu=0x0 idApic=0x0 iGipCpu=0x0 i64TSCDelta=0 enmState=3 u64CpuHz=2304007524(*) cErrors=0
00:00:07.701118 TM: GIP - CPU: iCpuSet=0x1 idCpu=0x1 idApic=0x1 iGipCpu=0x3 i64TSCDelta=0 enmState=3 u64CpuHz=2304007206(*) cErrors=0
00:00:07.701122 TM: GIP - CPU: iCpuSet=0x2 idCpu=0x2 idApic=0x2 iGipCpu=0x6 i64TSCDelta=0 enmState=3 u64CpuHz=2304007491(*) cErrors=0
00:00:07.701126 TM: GIP - CPU: iCpuSet=0x3 idCpu=0x3 idApic=0x3 iGipCpu=0x5 i64TSCDelta=0 enmState=3 u64CpuHz=2304007446(*) cErrors=0
00:00:07.701130 TM: GIP - CPU: iCpuSet=0x4 idCpu=0x4 idApic=0x4 iGipCpu=0x1 i64TSCDelta=0 enmState=3 u64CpuHz=2303987857(*) cErrors=0
00:00:07.701134 TM: GIP - CPU: iCpuSet=0x5 idCpu=0x5 idApic=0x5 iGipCpu=0x2 i64TSCDelta=0 enmState=3 u64CpuHz=2304005538(*) cErrors=0
00:00:07.701138 TM: GIP - CPU: iCpuSet=0x6 idCpu=0x6 idApic=0x6 iGipCpu=0x7 i64TSCDelta=0 enmState=3 u64CpuHz=2304007439(*) cErrors=0
00:00:07.701142 TM: GIP - CPU: iCpuSet=0x7 idCpu=0x7 idApic=0x7 iGipCpu=0x4 i64TSCDelta=0 enmState=3 u64CpuHz=2304007307(*) cErrors=0
00:00:07.701150 TM: NEM overrides the /TM/TSCModeSwitchAllowed setting.
00:00:07.701164 TM:     cTSCTicksPerSecond=2 304 007 524 (0x89545d64) enmTSCMode=4 (NativeApi) TSCMultiplier=1
00:00:07.701166 TM: cTSCTicksPerSecondHost=2 304 007 524 (0x89545d64)
00:00:07.701166 TM: TSCTiedToExecution=false TSCNotTiedToHalt=false
00:00:07.703036 EMR3Init: fIemExecutesAll=false fGuruOnTripleFault=true
00:00:07.703349 IEM: TargetCpu=CURRENT, Microarch=Intel_Core7_CoffeeLake aidxTargetCpuEflFlavour={1,0}
00:00:07.704175 GIM: Using provider 'KVM' (Implementation version: 0)
00:00:07.704186 CPUM: SetGuestCpuIdFeature: Enabled Hypervisor Present bit
00:00:07.704217 GCM: Initialized - Fixer bits: 0x8 (MesaVmsvgaDrv)
00:00:07.704301 AIOMgr: Default manager type is 'Async'
00:00:07.704306 AIOMgr: Default file backend is 'NonBuffered'
00:00:07.704361 BlkCache: Cache successfully initialized. Cache size is 5242880 bytes
00:00:07.704366 BlkCache: Cache commit interval is 10000 ms
00:00:07.704370 BlkCache: Cache commit threshold is 2621440 bytes
00:00:08.350316 PcBios: [SMP] BIOS with 1 CPUs
00:00:08.350357 PcBios: Using the 386+ BIOS image.
00:00:08.350439 PcBios: MPS table at 000e1300
00:00:08.359072 PcBios: fCheckShutdownStatusForSoftReset=true  fClearShutdownStatusOnHardReset=true
00:00:08.359336 CPUM: SetGuestCpuIdFeature: Enabled xAPIC
00:00:08.360848 IOAPIC: Version=2.0 ChipType=ICH9
00:00:08.360949 PIT: mode=3 count=0x10000 (65536) - 18.20 Hz (ch=0)
00:00:08.361201 VMMDev: cbDefaultBudget: 352 422 058 (150188aa)
00:00:08.400883 Shared Folders service loaded
00:00:08.417232 Guest Control service loaded
00:00:08.492089 VGA: Using the 386+ BIOS image.
00:00:08.493685 DrvVD: Flushes will be ignored
00:00:08.493701 DrvVD: Async flushes will be passed to the disk
00:00:08.495352 VD: VDInit finished with VINF_SUCCESS
00:00:08.495837 AIOMgr: Endpoint for file 'C:\Users\joaog\VirtualBox VMs\vyos_guiao06\VyOS_1.4_latest-disk001.vdi' (flags 000c0781) created successfully
00:00:08.496622 AIOMgr: Endpoint for file 'C:\Users\joaog\OneDrive - Universidade de Aveiro\Desktop\UA\mect_1ano\AC\Pratica\guiao06\project-files\virtualbox\504d0795-1619-4d87-a07e-cde6ad076307\PE2\Snapshots\{1a0dc487-df10-4279-b712-2d03fdb38119}.vdi' (flags 000c0781) created successfully
00:00:08.497326 AIOMgr: Endpoint for file 'C:\Users\joaog\OneDrive - Universidade de Aveiro\Desktop\UA\mect_1ano\AC\Pratica\guiao06\project-files\virtualbox\504d0795-1619-4d87-a07e-cde6ad076307\PE2\Snapshots\{48c6ab58-8f0f-4c3f-88c4-6c0bd2e2145e}.vdi' (flags 000c0723) created successfully
00:00:08.497833 VD: Opening the disk took 2820548 ns
00:00:08.497922 AHCI: LUN#0: disk, PCHS=6241/16/63, total number of sectors 6291456
00:00:08.498162 AHCI#0: Reset the HBA
00:00:08.498171 VD#0: Cancelling all active requests
00:00:08.499115 PIIX3 ATA: LUN#0: no unit
00:00:08.499128 PIIX3 ATA: LUN#1: no unit
00:00:08.499175 DrvVD: Flushes will be ignored
00:00:08.499181 DrvVD: Async flushes will be passed to the disk
00:00:08.499224 PIIX3 ATA: LUN#2: CD/DVD, total number of sectors 0, passthrough disabled
00:00:08.499283 PIIX3 ATA: LUN#3: no unit
00:00:08.499314 PIIX3 ATA: Ctl#0: finished processing RESET
00:00:08.499335 PIIX3 ATA: Ctl#1: finished processing RESET
00:00:08.499409 E1000#0: Chip=82540EM LinkUpDelay=5000ms EthernetCRC=on GSO=enabled Itr=disabled ItrRx=enabled TID=disabled R0=disabled RC=disabled
00:00:08.499666 UDPTunnel#0: sport=10022;dest=127.0.0.1;dport=10023
00:00:08.521730 E1000#1: Chip=82540EM LinkUpDelay=5000ms EthernetCRC=on GSO=enabled Itr=disabled ItrRx=enabled TID=disabled R0=disabled RC=disabled
00:00:08.521843 UDPTunnel#1: sport=10028;dest=127.0.0.1;dport=10029
00:00:08.522272 E1000#2: Chip=82540EM LinkUpDelay=5000ms EthernetCRC=on GSO=enabled Itr=disabled ItrRx=enabled TID=disabled R0=disabled RC=disabled
00:00:08.522417 UDPTunnel#2: sport=10034;dest=127.0.0.1;dport=10035
00:00:08.522728 E1000#3: Chip=82540EM LinkUpDelay=5000ms EthernetCRC=on GSO=enabled Itr=disabled ItrRx=enabled TID=disabled R0=disabled RC=disabled
00:00:08.522831 UDPTunnel#3: sport=10040;dest=127.0.0.1;dport=10041
00:00:08.523141 AC97: Using codec 'AD1980'
00:00:08.561188 Audio: Found 4 devices for driver 'WasAPI'
00:00:08.561204 Audio: Device 'Altifalantes (Realtek(R) Audio)':
00:00:08.561204 Audio:   ID              = {0.0.0.00000000}.{67c665b2-d36f-49a3-9d91-9b10f4ed3ae9}
00:00:08.561205 Audio:   Usage           = output
00:00:08.561205 Audio:   Flags           = DEFAULT_OUT
00:00:08.561206 Audio:   Input channels  = 0
00:00:08.561206 Audio:   Output channels = 2
00:00:08.561212 Audio: Device 'Altifalantes (Realtek(R) Audio)':
00:00:08.561213 Audio:   ID              = {0.0.0.00000000}.{67c665b2-d36f-49a3-9d91-9b10f4ed3ae9}
00:00:08.561213 Audio:   Usage           = output
00:00:08.561214 Audio:   Flags           = NONE
00:00:08.561214 Audio:   Input channels  = 0
00:00:08.561214 Audio:   Output channels = 2
00:00:08.561219 Audio: Device 'Microfone (Realtek(R) Audio)':
00:00:08.561220 Audio:   ID              = {0.0.1.00000000}.{3ebcf7f6-5721-4b0d-a1b6-22e197b929b0}
00:00:08.561220 Audio:   Usage           = input
00:00:08.561220 Audio:   Flags           = DEFAULT_IN
00:00:08.561221 Audio:   Input channels  = 2
00:00:08.561221 Audio:   Output channels = 0
00:00:08.561226 Audio: Device 'Microfone (Realtek(R) Audio)':
00:00:08.561226 Audio:   ID              = {0.0.1.00000000}.{3ebcf7f6-5721-4b0d-a1b6-22e197b929b0}
00:00:08.561227 Audio:   Usage           = input
00:00:08.561227 Audio:   Flags           = NONE
00:00:08.561227 Audio:   Input channels  = 2
00:00:08.561228 Audio:   Output channels = 0
00:00:08.561450 AC97: Reset
00:00:08.561463 AC97: Mixer reset (EAID=0x809, EACS=0x9)
00:00:08.561470 AC97: Record select to left=mic, right=mic
00:00:08.561476 Audio Mixer: MUTING master volume of 'AC'97 Mixer' -- channel volumes: ff ff ff ff ff ff ff ff ff ff ff ff
00:00:08.561490 Audio Mixer: MUTING sink 'AC'97 Mixer/Line In' -- channel volumes: 00 00 00 00 00 00 00 00 00 00 00 00
00:00:08.561501 Audio Mixer: MUTING sink 'AC'97 Mixer/Microphone In' -- channel volumes: 00 00 00 00 00 00 00 00 00 00 00 00
00:00:08.561511 Audio Mixer: MUTING sink 'AC'97 Mixer/PCM Output' -- channel volumes: 00 00 00 00 00 00 00 00 00 00 00 00
00:00:08.561519 Audio Mixer: MUTING sink 'AC'97 Mixer/PCM Output' -- channel volumes: 00 00 00 00 00 00 00 00 00 00 00 00
00:00:08.561528 Audio Mixer: MUTING sink 'AC'97 Mixer/Line In' -- channel volumes: 00 00 00 00 00 00 00 00 00 00 00 00
00:00:08.561534 Audio Mixer: MUTING sink 'AC'97 Mixer/Line In' -- channel volumes: 00 00 00 00 00 00 00 00 00 00 00 00
00:00:08.561541 Audio Mixer: MUTING sink 'AC'97 Mixer/Microphone In' -- channel volumes: 00 00 00 00 00 00 00 00 00 00 00 00
00:00:08.562550 Serial#0: emulating 16550A (IOAddress: 03f8 IRQ: 4)
00:00:08.562714 NamedPipe: location \\.\pipe\gns3_vbox\504d0795-1619-4d87-a07e-cde6ad076307, server
00:00:08.562931 PGM: The CPU physical address width is 39 bits
00:00:08.562947 PGM: PGMR3InitFinalize: 4 MB PSE mask 0000007fffffffff -> VINF_SUCCESS
00:00:08.562958 TM: TMR3InitFinalize: fTSCModeSwitchAllowed=false
00:00:08.563497 CPUM: Mapped 1.7 TiB (1048576 bytes) of RAM using fixed-range MTRRs
00:00:08.563510 CPUM: Mapped 512.0 MiB (536870912 bytes) of RAM using 1 variable-range MTRRs
00:00:08.563623 VMM: Thread-context hooks unavailable
00:00:08.563632 VMM: RTThreadPreemptIsPending() can be trusted
00:00:08.563637 VMM: Kernel preemption is possible
00:00:08.563654 EM: Exit history optimizations: enabled=true enabled-r0=true enabled-r0-no-preemption=false
00:00:08.563679 PcBios: SATA LUN#0 LCHS=1024/255/2
00:00:08.563697 APIC: fPostedIntrsEnabled=false fVirtApicRegsEnabled=false fSupportsTscDeadline=false
00:00:08.563708 TMR3UtcNow: nsNow=1 733 999 904 831 213 700 nsPrev=0 -> cNsDelta=1 733 999 904 831 213 700 (offLag=0 offVirtualSync=0 offVirtualSyncGivenUp=0, NowAgain=1 733 999 904 831 213 700)
00:00:08.563721 VMM: fUsePeriodicPreemptionTimers=true
00:00:08.563732 CPUM: Logical host processors: 8 present, 8 max, 8 online, online mask: 00000000000000ff
00:00:08.563734 CPUM: Physical host cores: 4
00:00:08.563734 ************************* CPUID dump ************************
00:00:08.563742          Raw Standard CPUID Leaves
00:00:08.563742      Leaf/sub-leaf  eax      ebx      ecx      edx
00:00:08.563743 Gst: 00000000/0000  00000016 756e6547 6c65746e 49656e69
00:00:08.563745 Hst:                00000016 756e6547 6c65746e 49656e69
00:00:08.563747 Gst: 00000001/0000  000906ea 00010800 c2da2203 178bfbff
00:00:08.563749 Hst:                000906ea 04100800 fffaf38f bfebfbff
00:00:08.563750 Gst: 00000002/0000  76036301 00f0b5ff 00000000 00c30000
00:00:08.563752 Hst:                76036301 00f0b5ff 00000000 00c30000
00:00:08.563753 Gst: 00000003/0000  00000000 00000000 00000000 00000000
00:00:08.563754 Hst:                00000000 00000000 00000000 00000000
00:00:08.563755 Gst: 00000004/0000  00000121 01c0003f 0000003f 00000000
00:00:08.563757 Hst:                1c004121 01c0003f 0000003f 00000000
00:00:08.563759 Gst: 00000004/0001  00000122 01c0003f 0000003f 00000000
00:00:08.563760 Hst:                1c004122 01c0003f 0000003f 00000000
00:00:08.563761 Gst: 00000004/0002  00000143 00c0003f 000003ff 00000000
00:00:08.563764 Hst:                1c004143 00c0003f 000003ff 00000000
00:00:08.563766 Gst: 00000004/0003  00000163 03c0003f 00001fff 00000006
00:00:08.563767 Hst:                1c03c163 03c0003f 00001fff 00000006
00:00:08.563769 Gst: 00000004/0004  00000000 00000000 00000000 00000000
00:00:08.563771 Hst:                00000000 00000000 00000000 00000000
00:00:08.563772 Gst: 00000005/0000  00000000 00000000 00000000 00000000
00:00:08.563773 Hst:                00000040 00000040 00000003 00042120
00:00:08.563775 Gst: 00000006/0000  00000004 00000000 00000000 00000000
00:00:08.563776 Hst:                000007f3 00000002 00000009 00000000
00:00:08.563778 Gst: 00000007/0000  00000000 008c2509 00000000 30000400
00:00:08.563779 Hst:                00000000 009c67a9 00000000 bc000400
00:00:08.563780 Gst: 00000007/0001  00000000 00000000 00000000 00000000
00:00:08.563781 Hst:                00000000 00000000 00000000 00000000
00:00:08.563782 Gst: 00000008/0000  00000000 00000000 00000000 00000000
00:00:08.563783 Hst:                00000000 00000000 00000000 00000000
00:00:08.563785 Gst: 00000009/0000  00000000 00000000 00000000 00000000
00:00:08.563786 Hst:                00000000 00000000 00000000 00000000
00:00:08.563788 Gst: 0000000a/0000  00000000 00000000 00000000 00000000
00:00:08.563788 Hst:                07300404 00000000 00000000 00000603
00:00:08.563790 Gst: 0000000b/0000  00000000 00000001 00000100 00000000
00:00:08.563791 Hst:                00000001 00000002 00000100 00000004
00:00:08.563792 Gst: 0000000b/0001  00000001 00000001 00000201 00000000
00:00:08.563793 Hst:                00000004 00000008 00000201 00000004
00:00:08.563795 Gst: 0000000b/0002  00000000 00000000 00000002 00000000
00:00:08.563796 Hst:                00000000 00000000 00000002 00000004
00:00:08.563797 Gst: 0000000c/0000  00000000 00000000 00000000 00000000
00:00:08.563798 Hst:                00000000 00000000 00000000 00000000
00:00:08.563800 Gst: 0000000d/0000  00000000 00000000 00000000 00000000
00:00:08.563800 Hst:                0000001f 00000440 00000440 00000000
00:00:08.563802 Gst: 0000000d/0001  00000000 00000000 00000000 00000000
00:00:08.563803 Hst:                0000000f 000003c0 00000000 00000000
00:00:08.563805 Gst: 0000000d/0002  00000000 00000000 00000000 00000000
00:00:08.563806 Hst:                00000100 00000240 00000000 00000000
00:00:08.563807 Gst: 0000000d/0003  00000000 00000000 00000000 00000000
00:00:08.563808 Hst:                00000040 000003c0 00000000 00000000
00:00:08.563809 Gst: 0000000d/0004  00000000 00000000 00000000 00000000
00:00:08.563810 Hst:                00000040 00000400 00000000 00000000
00:00:08.563811 Gst: 0000000d/0005  00000000 00000000 00000000 00000000
00:00:08.563812 Hst:                00000000 00000000 00000000 00000000
00:00:08.563887 Gst: 0000000e/0000  00000000 00000000 00000000 00000000
00:00:08.563888 Hst:                00000000 00000000 00000000 00000000
00:00:08.563890 Gst: 0000000f/0000  00000000 00000000 00000000 00000000
00:00:08.563891 Hst:                00000000 00000000 00000000 00000000
00:00:08.563892 Gst: 00000010/0000  00000000 00000000 00000000 00000000
00:00:08.563893 Hst:                00000000 00000000 00000000 00000000
00:00:08.563894 Gst: 00000011/0000  00000000 00000000 00000000 00000000
00:00:08.563895 Hst:                00000000 00000000 00000000 00000000
00:00:08.563897 Gst: 00000012/0000  00000000 00000000 00000000 00000000
00:00:08.563898 Hst:                00000000 00000000 00000000 00000000
00:00:08.563899 Gst: 00000013/0000  00000000 00000000 00000000 00000000
00:00:08.563900 Hst:                00000000 00000000 00000000 00000000
00:00:08.563902 Gst: 00000014/0000  00000000 00000000 00000000 00000000
00:00:08.563903 Hst:                00000001 0000000f 00000003 00000000
00:00:08.563904 Hst: 00000015/0000  00000002 000000c0 00000000 00000000
00:00:08.563906 Hst: 00000016/0000  00000000 00000000 00000000 00000000
00:00:08.563907                                Name: GenuineIntel
00:00:08.563908                            Supports: 0x00000000-0x00000016
00:00:08.563913                              Family:  6 	Extended: 0 	Effective: 6
00:00:08.563915                               Model: 14 	Extended: 9 	Effective: 158
00:00:08.563916                            Stepping: 10
00:00:08.563917                                Type: 0 (primary)
00:00:08.563918                             APIC ID: 0x00
00:00:08.563920                        Logical CPUs: 1
00:00:08.563921                        CLFLUSH Size: 8
00:00:08.563922                            Brand ID: 0x00
00:00:08.563923 Features
00:00:08.563926   Mnemonic - Description                                  = guest (host)
00:00:08.563927   FPU - x87 FPU on Chip                                   = 1 (1)
00:00:08.563928   VME - Virtual 8086 Mode Enhancements                    = 1 (1)
00:00:08.563930   DE - Debugging extensions                               = 1 (1)
00:00:08.563931   PSE - Page Size Extension                               = 1 (1)
00:00:08.563933   TSC - Time Stamp Counter                                = 1 (1)
00:00:08.563934   MSR - Model Specific Registers                          = 1 (1)
00:00:08.563936   PAE - Physical Address Extension                        = 1 (1)
00:00:08.563937   MCE - Machine Check Exception                           = 1 (1)
00:00:08.563938   CX8 - CMPXCHG8B instruction                             = 1 (1)
00:00:08.563940   APIC - APIC On-Chip                                     = 1 (1)
00:00:08.563943   SEP - SYSENTER and SYSEXIT Present                      = 1 (1)
00:00:08.563945   MTRR - Memory Type Range Registers                      = 1 (1)
00:00:08.563947   PGE - PTE Global Bit                                    = 1 (1)
00:00:08.563950   MCA - Machine Check Architecture                        = 1 (1)
00:00:08.563952   CMOV - Conditional Move instructions                    = 1 (1)
00:00:08.563955   PAT - Page Attribute Table                              = 1 (1)
00:00:08.563958   PSE-36 - 36-bit Page Size Extension                     = 1 (1)
00:00:08.563960   PSN - Processor Serial Number                           = 0 (0)
00:00:08.563962   CLFSH - CLFLUSH instruction                             = 1 (1)
00:00:08.563965   DS - Debug Store                                        = 0 (1)
00:00:08.563968   ACPI - Thermal Mon. & Soft. Clock Ctrl.                 = 0 (1)
00:00:08.563969   MMX - Intel MMX Technology                              = 1 (1)
00:00:08.563971   FXSR - FXSAVE and FXRSTOR instructions                  = 1 (1)
00:00:08.563973   SSE - SSE support                                       = 1 (1)
00:00:08.563975   SSE2 - SSE2 support                                     = 1 (1)
00:00:08.563976   SS - Self Snoop                                         = 0 (1)
00:00:08.563977   HTT - Hyper-Threading Technology                        = 1 (1)
00:00:08.563979   TM - Therm. Monitor                                     = 0 (1)
00:00:08.563980   PBE - Pending Break Enabled                             = 0 (1)
00:00:08.563984   SSE3 - SSE3 support                                     = 1 (1)
00:00:08.563986   PCLMUL - PCLMULQDQ support (for AES-GCM)                = 1 (1)
00:00:08.563987   DTES64 - DS Area 64-bit Layout                          = 0 (1)
00:00:08.563988   MONITOR - MONITOR/MWAIT instructions                    = 0 (1)
00:00:08.563991   CPL-DS - CPL Qualified Debug Store                      = 0 (0)
00:00:08.563993   VMX - Virtual Machine Extensions                        = 0 (0)
00:00:08.563994   SMX - Safer Mode Extensions                             = 0 (0)
00:00:08.563995   EST - Enhanced SpeedStep Technology                     = 0 (1)
00:00:08.563996   TM2 - Terminal Monitor 2                                = 0 (1)
00:00:08.563997   SSSE3 - Supplemental Streaming SIMD Extensions 3        = 1 (1)
00:00:08.563998   CNTX-ID - L1 Context ID                                 = 0 (0)
00:00:08.564000   SDBG - Silicon Debug interface                          = 0 (0)
00:00:08.564001   FMA - Fused Multiply Add extensions                     = 0 (1)
00:00:08.564002   CX16 - CMPXCHG16B instruction                           = 1 (1)
00:00:08.564004   TPRUPDATE - xTPR Update Control                         = 0 (1)
00:00:08.564005   PDCM - Perf/Debug Capability MSR                        = 0 (1)
00:00:08.564007   PCID - Process Context Identifiers                      = 1 (1)
00:00:08.564008   DCA - Direct Cache Access                               = 0 (0)
00:00:08.564009   SSE4_1 - SSE4_1 support                                 = 1 (1)
00:00:08.564011   SSE4_2 - SSE4_2 support                                 = 1 (1)
00:00:08.564013   X2APIC - x2APIC support                                 = 0 (1)
00:00:08.564014   MOVBE - MOVBE instruction                               = 1 (1)
00:00:08.564015   POPCNT - POPCNT instruction                             = 1 (1)
00:00:08.564017   TSCDEADL - Time Stamp Counter Deadline                  = 0 (1)
00:00:08.564018   AES - AES instructions                                  = 1 (1)
00:00:08.564020   XSAVE - XSAVE instruction                               = 0 (1)
00:00:08.564021   OSXSAVE - OSXSAVE instruction                           = 0 (1)
00:00:08.564023   AVX - AVX support                                       = 0 (1)
00:00:08.564024   F16C - 16-bit floating point conversion instructions    = 0 (1)
00:00:08.564025   RDRAND - RDRAND instruction                             = 1 (1)
00:00:08.564027   HVP - Hypervisor Present (we're a guest)                = 1 (1)
00:00:08.564028 Structured Extended Feature Flags Enumeration (leaf 7):
00:00:08.564030   Mnemonic - Description                                  = guest (host)
00:00:08.564030   FSGSBASE - RDFSBASE/RDGSBASE/WRFSBASE/WRGSBASE instr.   = 1 (1)
00:00:08.564031   TSCADJUST - Supports MSR_IA32_TSC_ADJUST                = 0 (0)
00:00:08.564032   SGX - Supports Software Guard Extensions                = 0 (0)
00:00:08.564034   BMI1 - Advanced Bit Manipulation extension 1            = 1 (1)
00:00:08.564035   HLE - Hardware Lock Elision                             = 0 (0)
00:00:08.564036   AVX2 - Advanced Vector Extensions 2                     = 0 (1)
00:00:08.564037   FDP_EXCPTN_ONLY - FPU DP only updated on exceptions     = 0 (0)
00:00:08.564038   SMEP - Supervisor Mode Execution Prevention             = 0 (1)
00:00:08.564040   BMI2 - Advanced Bit Manipulation extension 2            = 1 (1)
00:00:08.564041   ERMS - Enhanced REP MOVSB/STOSB instructions            = 0 (1)
00:00:08.564042   INVPCID - INVPCID instruction                           = 1 (1)
00:00:08.564043   RTM - Restricted Transactional Memory                   = 0 (0)
00:00:08.564044   PQM - Platform Quality of Service Monitoring            = 0 (0)
00:00:08.564046   DEPFPU_CS_DS - Deprecates FPU CS, FPU DS values if set  = 1 (1)
00:00:08.564046   MPE - Intel Memory Protection Extensions                = 0 (1)
00:00:08.564048   PQE - Platform Quality of Service Enforcement           = 0 (0)
00:00:08.564049   AVX512F - AVX512 Foundation instructions                = 0 (0)
00:00:08.564050   RDSEED - RDSEED instruction                             = 1 (1)
00:00:08.564051   ADX - ADCX/ADOX instructions                            = 1 (1)
00:00:08.564053   SMAP - Supervisor Mode Access Prevention                = 0 (1)
00:00:08.564054   CLFLUSHOPT - CLFLUSHOPT (Cache Line Flush) instruction  = 1 (1)
00:00:08.564055   CLWB - CLWB instruction                                 = 0 (0)
00:00:08.564056   INTEL_PT - Intel Processor Trace                        = 0 (0)
00:00:08.564058   AVX512PF - AVX512 Prefetch instructions                 = 0 (0)
00:00:08.564059   AVX512ER - AVX512 Exponential & Reciprocal instructions = 0 (0)
00:00:08.564060   AVX512CD - AVX512 Conflict Detection instructions       = 0 (0)
00:00:08.564061   SHA - Secure Hash Algorithm extensions                  = 0 (0)
00:00:08.564062   PREFETCHWT1 - PREFETCHWT1 instruction                   = 0 (0)
00:00:08.564063   UMIP - User mode insturction prevention                 = 0 (0)
00:00:08.564065   PKU - Protection Key for Usermode pages                 = 0 (0)
00:00:08.564066   OSPKE - CR4.PKU mirror                                  = 0 (0)
00:00:08.564067   MAWAU - Value used by BNDLDX & BNDSTX                   = 0x0 (0x0)
00:00:08.564069   RDPID - Read processor ID support                       = 0 (0)
00:00:08.564070   SGX_LC - Supports SGX Launch Configuration              = 0 (0)
00:00:08.564074   MD_CLEAR - Supports MDS related buffer clearing         = 1 (1)
00:00:08.564075   IBRS_IBPB - IA32_SPEC_CTRL.IBRS and IA32_PRED_CMD.IBPB  = 0 (1)
00:00:08.564076   STIBP - Supports IA32_SPEC_CTRL.STIBP                   = 0 (1)
00:00:08.564077   FLUSH_CMD - Supports IA32_FLUSH_CMD                     = 1 (1)
00:00:08.564078   ARCHCAP - Supports IA32_ARCH_CAP                        = 1 (1)
00:00:08.564079   CORECAP - Supports IA32_CORE_CAP                        = 0 (0)
00:00:08.564080   SSBD - Supports IA32_SPEC_CTRL.SSBD                     = 0 (1)
00:00:08.564082 Processor Extended State Enumeration (leaf 0xd):
00:00:08.564084    XSAVE area cur/max size by XCR0, guest: 0x0/0x0
00:00:08.564085     XSAVE area cur/max size by XCR0, host: 0x440/0x440
00:00:08.564086                    Valid XCR0 bits, guest: 0x00000000`00000000
00:00:08.564087                     Valid XCR0 bits, host: 0x00000000`0000001f ( x87 SSE YMM_Hi128 BNDREGS BNDCSR )
00:00:08.564091                     XSAVE features, guest:
00:00:08.564092                      XSAVE features, host: XSAVEOPT XSAVEC XGETBC1 XSAVES
00:00:08.564094       XSAVE area cur size XCR0|XSS, guest: 0x0
00:00:08.564094        XSAVE area cur size XCR0|XSS, host: 0x3c0
00:00:08.564095                Valid IA32_XSS bits, guest: 0x00000000`00000000
00:00:08.564096                 Valid IA32_XSS bits, host: 0x00000000`00000000
00:00:08.564098   State #2, host:  off=0x0240, cb=0x0100 IA32_XSS-bit -- YMM_Hi128
00:00:08.564100   State #3, host:  off=0x03c0, cb=0x0040 IA32_XSS-bit -- BNDREGS
00:00:08.564102   State #4, host:  off=0x0400, cb=0x0040 IA32_XSS-bit -- BNDCSR
00:00:08.564137          Unknown CPUID Leaves
00:00:08.564139      Leaf/sub-leaf  eax      ebx      ecx      edx
00:00:08.564141 Gst: 00000014/0001  00000000 00000000 00000000 00000000
00:00:08.564142 Hst:                02490002 003f3fff 00000000 00000000
00:00:08.564143 Gst: 00000014/0002  00000000 00000000 00000000 00000000
00:00:08.564144 Hst:                00000000 00000000 00000000 00000000
00:00:08.564146 Gst: 00000015/0000  00000000 00000000 00000000 00000000
00:00:08.564147 Hst:                00000002 000000c0 00000000 00000000
00:00:08.564148 Gst: 00000016/0000  00000000 00000000 00000000 00000000
00:00:08.564149 Hst:                00000000 00000000 00000000 00000000
00:00:08.564150          Raw Hypervisor CPUID Leaves
00:00:08.564151      Leaf/sub-leaf  eax      ebx      ecx      edx
00:00:08.564152 Gst: 40000000/0000  40000001 4b4d564b 564b4d56 0000004d
00:00:08.564153 Hst:                4000000c 7263694d 666f736f 76482074
00:00:08.564155 Gst: 40000001/0000  01000089 00000000 00000000 00000000
00:00:08.564156 Hst:                31237648 00000000 00000000 00000000
00:00:08.564157          Raw Extended CPUID Leaves
00:00:08.564158      Leaf/sub-leaf  eax      ebx      ecx      edx
00:00:08.564159 Gst: 80000000/0000  80000008 00000000 00000000 00000000
00:00:08.564160 Hst:                80000008 00000000 00000000 00000000
00:00:08.564162 Gst: 80000001/0000  00000000 00000000 00000121 28100800
00:00:08.564163 Hst:                00000000 00000000 00000121 2c100800
00:00:08.564164 Gst: 80000002/0000  65746e49 2952286c 726f4320 4d542865
00:00:08.564166 Hst:                65746e49 2952286c 726f4320 4d542865
00:00:08.564167 Gst: 80000003/0000  35692029 3033382d 43204830 40205550
00:00:08.564168 Hst:                35692029 3033382d 43204830 40205550
00:00:08.564170 Gst: 80000004/0000  332e3220 7a484730 00000000 00000000
00:00:08.564171 Hst:                332e3220 7a484730 00000000 00000000
00:00:08.564173 Gst: 80000005/0000  00000000 00000000 00000000 00000000
00:00:08.564174 Hst:                00000000 00000000 00000000 00000000
00:00:08.564175 Gst: 80000006/0000  00000000 00000000 01006040 00000000
00:00:08.564178 Hst:                00000000 00000000 01006040 00000000
00:00:08.564180 Gst: 80000007/0000  00000000 00000000 00000000 00000100
00:00:08.564181 Hst:                00000000 00000000 00000000 00000100
00:00:08.564183 Gst: 80000008/0000  00003027 00000000 00000000 00000000
00:00:08.564184 Hst:                00003027 00000000 00000000 00000000
00:00:08.564185 Ext Name:                        
00:00:08.564186 Ext Supports:                    0x80000000-0x80000008
00:00:08.564187 Family:                          0  	Extended: 0 	Effective: 0
00:00:08.564188 Model:                           0  	Extended: 0 	Effective: 0
00:00:08.564188 Stepping:                        0
00:00:08.564189 Brand ID:                        0x000
00:00:08.564193 Ext Features
00:00:08.564194   Mnemonic - Description                                  = guest (host)
00:00:08.564194   FPU - x87 FPU on Chip                                   = 0 (0)
00:00:08.564196   VME - Virtual 8086 Mode Enhancements                    = 0 (0)
00:00:08.564197   DE - Debugging extensions                               = 0 (0)
00:00:08.564199   PSE - Page Size Extension                               = 0 (0)
00:00:08.564200   TSC - Time Stamp Counter                                = 0 (0)
00:00:08.564202   MSR - K86 Model Specific Registers                      = 0 (0)
00:00:08.564203   PAE - Physical Address Extension                        = 0 (0)
00:00:08.564204   MCE - Machine Check Exception                           = 0 (0)
00:00:08.564206   CX8 - CMPXCHG8B instruction                             = 0 (0)
00:00:08.564207   APIC - APIC On-Chip                                     = 0 (0)
00:00:08.564209   SEP - SYSCALL/SYSRET                                    = 1 (1)
00:00:08.564210   MTRR - Memory Type Range Registers                      = 0 (0)
00:00:08.564211   PGE - PTE Global Bit                                    = 0 (0)
00:00:08.564213   MCA - Machine Check Architecture                        = 0 (0)
00:00:08.564215   CMOV - Conditional Move instructions                    = 0 (0)
00:00:08.564216   PAT - Page Attribute Table                              = 0 (0)
00:00:08.564217   PSE-36 - 36-bit Page Size Extension                     = 0 (0)
00:00:08.564218   NX - No-Execute/Execute-Disable                         = 1 (1)
00:00:08.564220   AXMMX - AMD Extensions to MMX instructions              = 0 (0)
00:00:08.564221   MMX - Intel MMX Technology                              = 0 (0)
00:00:08.564222   FXSR - FXSAVE and FXRSTOR Instructions                  = 0 (0)
00:00:08.564223   FFXSR - AMD fast FXSAVE and FXRSTOR instructions        = 0 (0)
00:00:08.564225   Page1GB - 1 GB large page                               = 0 (1)
00:00:08.564226   RDTSCP - RDTSCP instruction                             = 1 (1)
00:00:08.564227   LM - AMD64 Long Mode                                    = 1 (1)
00:00:08.564229   3DNOWEXT - AMD Extensions to 3DNow                      = 0 (0)
00:00:08.564230   3DNOW - AMD 3DNow                                       = 0 (0)
00:00:08.564232   LahfSahf - LAHF/SAHF support in 64-bit mode             = 1 (1)
00:00:08.564233   CmpLegacy - Core multi-processing legacy mode           = 0 (0)
00:00:08.564234   SVM - AMD Secure Virtual Machine extensions             = 0 (0)
00:00:08.564235   EXTAPIC - AMD Extended APIC registers                   = 0 (0)
00:00:08.564236   CR8L - AMD LOCK MOV CR0 means MOV CR8                   = 0 (0)
00:00:08.564238   ABM - AMD Advanced Bit Manipulation                     = 1 (1)
00:00:08.564239   SSE4A - SSE4A instructions                              = 0 (0)
00:00:08.564241   MISALIGNSSE - AMD Misaligned SSE mode                   = 0 (0)
00:00:08.564242   3DNOWPRF - AMD PREFETCH and PREFETCHW instructions      = 1 (1)
00:00:08.564243   OSVW - AMD OS Visible Workaround                        = 0 (0)
00:00:08.564244   IBS - Instruct Based Sampling                           = 0 (0)
00:00:08.564245   XOP - Extended Operation support                        = 0 (0)
00:00:08.564246   SKINIT - SKINIT, STGI, and DEV support                  = 0 (0)
00:00:08.564248   WDT - AMD Watchdog Timer support                        = 0 (0)
00:00:08.564252   LWP - Lightweight Profiling support                     = 0 (0)
00:00:08.564253   FMA4 - Four operand FMA instruction support             = 0 (0)
00:00:08.564254   TCE - Translation Cache Extension support               = 0 (0)
00:00:08.564255   NodeId - NodeId in MSR C001_100C                        = 0 (0)
00:00:08.564258   TBM - Trailing Bit Manipulation instructions            = 0 (0)
00:00:08.564260   TOPOEXT - Topology Extensions                           = 0 (0)
00:00:08.564261   PRFEXTCORE - Performance Counter Extensions support     = 0 (0)
00:00:08.564262   PRFEXTNB - NB Performance Counter Extensions support    = 0 (0)
00:00:08.564263   DATABPEXT - Data-access Breakpoint Extension            = 0 (0)
00:00:08.564264   PERFTSC - Performance Time Stamp Counter                = 0 (0)
00:00:08.564266   PCX_L2I - L2I/L3 Performance Counter Extensions         = 0 (0)
00:00:08.564267   MONITORX - MWAITX and MONITORX instructions             = 0 (0)
00:00:08.564268   AddrMaskExt - BP Addressing masking extended to bit 31  = 0 (0)
00:00:08.564269 Full Name:                       "Intel(R) Core(TM) i5-8300H CPU @ 2.30GHz"
00:00:08.564270 TLB 2/4M Instr/Uni:              res0     0 entries
00:00:08.564270 TLB 2/4M Data:                   res0     0 entries
00:00:08.564271 TLB 4K Instr/Uni:                res0     0 entries
00:00:08.564272 TLB 4K Data:                     res0     0 entries
00:00:08.564273 L1 Instr Cache Line Size:        0 bytes
00:00:08.564273 L1 Instr Cache Lines Per Tag:    0
00:00:08.564274 L1 Instr Cache Associativity:    res0  
00:00:08.564274 L1 Instr Cache Size:             0 KB
00:00:08.564274 L1 Data Cache Line Size:         0 bytes
00:00:08.564275 L1 Data Cache Lines Per Tag:     0
00:00:08.564275 L1 Data Cache Associativity:     res0  
00:00:08.564276 L1 Data Cache Size:              0 KB
00:00:08.564276 L2 TLB 2/4M Instr/Uni:           off       0 entries
00:00:08.564278 L2 TLB 2/4M Data:                off       0 entries
00:00:08.564279 L2 TLB 4K Instr/Uni:             off       0 entries
00:00:08.564280 L2 TLB 4K Data:                  off       0 entries
00:00:08.564281 L2 Cache Line Size:              64 bytes
00:00:08.564281 L2 Cache Lines Per Tag:          0
00:00:08.564282 L2 Cache Associativity:          8 way 
00:00:08.564282 L2 Cache Size:                   256 KB
00:00:08.564283 L3 Cache Line Size:              0 bytes
00:00:08.564283 L3 Cache Lines Per Tag:          0
00:00:08.564283 L3 Cache Associativity:          off   
00:00:08.564284 L3 Cache Size:                   0 KB
00:00:08.564286   TS - Temperature Sensor                                 = 0 (0)
00:00:08.564288   FID - Frequency ID control                              = 0 (0)
00:00:08.564289   VID - Voltage ID control                                = 0 (0)
00:00:08.564291   TTP - Thermal Trip                                      = 0 (0)
00:00:08.564292   TM - Hardware Thermal Control (HTC)                     = 0 (0)
00:00:08.564293   100MHzSteps - 100 MHz Multiplier control                = 0 (0)
00:00:08.564294   HwPstate - Hardware P-state control                     = 0 (0)
00:00:08.564296   TscInvariant - Invariant Time Stamp Counter             = 1 (1)
00:00:08.564297   CPB - Core Performance Boost                            = 0 (0)
00:00:08.564298   EffFreqRO - Read-only Effective Frequency Interface     = 0 (0)
00:00:08.564299   ProcFdbkIf - Processor Feedback Interface               = 0 (0)
00:00:08.564301   ProcPwrRep - Core power reporting interface support     = 0 (0)
00:00:08.564302   ConnectedStandby - Connected Standby                    = 0 (0)
00:00:08.564303   RAPL - Running average power limit                      = 0 (0)
00:00:08.564305 Physical Address Width:          39 bits
00:00:08.564305 Virtual Address Width:           48 bits
00:00:08.564306 Guest Physical Address Width:    0 bits
00:00:08.564306 Physical Core Count:             1
00:00:08.564308 
00:00:08.564308 ******************** End of CPUID dump **********************
00:00:08.564367 VMEmt: Halt method global1 (5)
00:00:08.564440 VMEmt: HaltedGlobal1 config: cNsSpinBlockThresholdCfg=50000
00:00:08.564450 Changing the VM state from 'CREATING' to 'CREATED'
00:00:08.566630 Changing the VM state from 'CREATED' to 'POWERING_ON'
00:00:08.566754 AIOMgr: Endpoints without assigned bandwidth groups:
00:00:08.566765 AIOMgr:     C:\Users\joaog\OneDrive - Universidade de Aveiro\Desktop\UA\mect_1ano\AC\Pratica\guiao06\project-files\virtualbox\504d0795-1619-4d87-a07e-cde6ad076307\PE2\Snapshots\{48c6ab58-8f0f-4c3f-88c4-6c0bd2e2145e}.vdi
00:00:08.566771 AIOMgr:     C:\Users\joaog\OneDrive - Universidade de Aveiro\Desktop\UA\mect_1ano\AC\Pratica\guiao06\project-files\virtualbox\504d0795-1619-4d87-a07e-cde6ad076307\PE2\Snapshots\{1a0dc487-df10-4279-b712-2d03fdb38119}.vdi
00:00:08.566776 AIOMgr:     C:\Users\joaog\VirtualBox VMs\vyos_guiao06\VyOS_1.4_latest-disk001.vdi
00:00:08.567372 Changing the VM state from 'POWERING_ON' to 'RUNNING'
00:00:08.567432 Console: Machine state changed to 'Running'
00:00:08.573006 VMMDev: Guest Log: BIOS: VirtualBox 7.1.4
00:00:08.573452 PCI: Setting up resources and interrupts
00:00:08.576330 PIT: mode=2 count=0x10000 (65536) - 18.20 Hz (ch=0)
00:00:08.622968 GUI: UIMachineViewNormal::resendSizeHint: Restoring guest size-hint for screen 0 to 800x600
00:00:08.624508 Display::i_handleDisplayResize: uScreenId=0 pvVRAM=0000000000000000 w=720 h=400 bpp=0 cbLine=0x0 flags=0x0 origin=0,0
00:00:08.640041 VMMDev: Guest Log: CPUID EDX: 0x178bfbff
00:00:08.640910 PIIX3 ATA: Ctl#1: RESET, DevSel=0 AIOIf=0 CmdIf0=0x00 (-1 usec ago) CmdIf1=0x00 (-1 usec ago)
00:00:08.640987 PIIX3 ATA: Ctl#1: finished processing RESET
00:00:08.649587 AHCI#0: Reset the HBA
00:00:08.649609 VD#0: Cancelling all active requests
00:00:08.649761 AHCI#0: Port 0 reset
00:00:08.649797 VD#0: Cancelling all active requests
00:00:08.652070 VMMDev: Guest Log: BIOS: AHCI 0-P#0: PCHS=6241/16/63 LCHS=1024/255/2 0x0000000000600000 sectors
00:00:08.655146 GUI: UIMachineLogicNormal::sltCheckForRequestedVisualStateType: Requested-state=1, Machine-state=6
00:00:08.721916 GUI: UIMediumEnumerator: Medium-enumeration finished!
00:00:08.751075 PIT: mode=2 count=0x48d3 (18643) - 64.00 Hz (ch=0)
00:00:08.767594 Display::i_handleDisplayResize: uScreenId=0 pvVRAM=000001cb78530000 w=640 h=480 bpp=32 cbLine=0xA00 flags=0x0 origin=0,0
00:00:08.839509 GUI: UIMediumEnumerator: Medium-enumeration finished!
00:00:11.228823 PIT: mode=2 count=0x10000 (65536) - 18.20 Hz (ch=0)
00:00:11.229065 VMMDev: Guest Log: BIOS: Boot : bseqnr=1, bootseq=0231
00:00:11.229307 VMMDev: Guest Log: BIOS: Boot from Floppy 0 failed
00:00:11.229520 VMMDev: Guest Log: BIOS: Boot : bseqnr=2, bootseq=0023
00:00:11.230225 VMMDev: Guest Log: BIOS: CDROM boot failure code : 0003
00:00:11.230385 VMMDev: Guest Log: BIOS: Boot from CD-ROM failed
00:00:11.230598 VMMDev: Guest Log: BIOS: Boot : bseqnr=3, bootseq=0002
00:00:11.231307 VMMDev: Guest Log: BIOS: Booting from Hard Disk...
00:00:11.234883 Display::i_handleDisplayResize: uScreenId=0 pvVRAM=0000000000000000 w=720 h=400 bpp=0 cbLine=0x0 flags=0x0 origin=0,0
00:00:11.560459 GUI: UIMediumEnumerator: Medium-enumeration finished!
00:00:38.434800 GIM: KVM: VCPU  0: Enabled system-time struct. at 0x0000000013bcd000 - u32TscScale=0xde38b3ff i8TscShift=-1 uVersion=2 fFlags=0x1 uTsc=0x100592d2f4 uVirtNanoTS=0x6f430e775 TscKHz=2304006
00:00:38.434823 TM: Host/VM is not suitable for using TSC mode 'RealTSCOffset', request to change TSC mode ignored
00:00:38.473405 GIM: KVM: Enabled wall-clock struct. at 0x0000000013bcc008 - u32Sec=1733999934 u32Nano=739950790 uVersion=2
00:02:06.938407 GUI: UIMediumEnumerator: Medium-enumeration finished!
00:03:30.403216 Console: Machine state changed to 'Stopping'
00:03:30.404074 Console::powerDown(): A request to power off the VM has been issued (mMachineState=Stopping, InUninit=0)
00:03:30.404411 Changing the VM state from 'RUNNING' to 'POWERING_OFF'
00:03:30.404428 ****************** Guest state at power off for VCpu 0 ******************
00:03:30.404434 Guest CPUM (VCPU 0) state: 
00:03:30.404443 rax=ffffffffb229c500 rbx=ffffffffb3415920 rcx=0000000000000000 rdx=00000000000003fd
00:03:30.404446 rsi=0000000000000005 rdi=ffffffffb3415920 r8 =302e30202020205b r9 =205d303030303030
00:03:30.404448 r10=206d656d5b203a30 r11=3238652d534f4942 r12=0000000000000020 r13=ffffffffb33d8ecd
00:03:30.404450 r14=0000000000000001 r15=0000000000000000
00:03:30.404450 rip=ffffffffb229c53f rsp=ffffffffb2e03d38 rbp=0000000000000f49 iopl=0         nv up di pl zr na pe nc
00:03:30.404452 cs={0010 base=0000000000000000 limit=ffffffff flags=0000a09b}
00:03:30.404453 ds={0000 base=0000000000000000 limit=000fffff flags=00000000}
00:03:30.404454 es={0000 base=0000000000000000 limit=000fffff flags=00000000}
00:03:30.404454 fs={0000 base=0000000000000000 limit=000fffff flags=00000000}
00:03:30.404455 gs={0000 base=ffff8f319fc00000 limit=000fffff flags=00000000}
00:03:30.404456 ss={0000 base=0000000000000000 limit=000fffff flags=00000000}
00:03:30.404456 cr0=0000000080050033 cr2=ffff8f3193e01000 cr3=0000000013610001 cr4=00000000000206b0
00:03:30.404458 dr0=0000000000000000 dr1=0000000000000000 dr2=0000000000000000 dr3=0000000000000000
00:03:30.404459 dr4=0000000000000000 dr5=0000000000000000 dr6=00000000ffff0ff0 dr7=0000000000000400
00:03:30.404460 gdtr=fffffe0000001000:007f  idtr=fffffe0000000000:0fff  eflags=00000002
00:03:30.404461 ldtr={0000 base=00000000 limit=000fffff flags=00000000}
00:03:30.404462 tr  ={0040 base=fffffe0000003000 limit=00004087 flags=0000008b}
00:03:30.404463 SysEnter={cs=0010 eip=ffffffffb26016e0 esp=fffffe0000003000}
00:03:30.404466 xcr=0000000000000001 xcr1=0000000000000000 xss=0000000000000000 (fXStateMask=0000000000000000)
00:03:30.404467 FCW=037f FSW=0000 FTW=0000 FOP=0000 MXCSR=00001f80 MXCSR_MASK=0000ffff
00:03:30.404468 FPUIP=00000000 CS=0000 Rsrvd1=0000  FPUDP=00000000 DS=0000 Rsvrd2=0000
00:03:30.404470 ST(0)=FPR0={0000'00000000'00000000} t0 +0.0000000000000000000000 * 2 ^ -16383 (*)
00:03:30.404472 ST(1)=FPR1={0000'00000000'00000000} t0 +0.0000000000000000000000 * 2 ^ -16383 (*)
00:03:30.404473 ST(2)=FPR2={0000'00000000'00000000} t0 +0.0000000000000000000000 * 2 ^ -16383 (*)
00:03:30.404475 ST(3)=FPR3={0000'00000000'00000000} t0 +0.0000000000000000000000 * 2 ^ -16383 (*)
00:03:30.404476 ST(4)=FPR4={0000'00000000'00000000} t0 +0.0000000000000000000000 * 2 ^ -16383 (*)
00:03:30.404477 ST(5)=FPR5={0000'00000000'00000000} t0 +0.0000000000000000000000 * 2 ^ -16383 (*)
00:03:30.404478 ST(6)=FPR6={0000'00000000'00000000} t0 +0.0000000000000000000000 * 2 ^ -16383 (*)
00:03:30.404479 ST(7)=FPR7={0000'00000000'00000000} t0 +0.0000000000000000000000 * 2 ^ -16383 (*)
00:03:30.404480 XMM0 =00000000'00000000'00000000'00000000  XMM1 =00000000'00000000'00000000'00000000
00:03:30.404482 XMM2 =00000000'00000000'00000000'00000000  XMM3 =00000000'00000000'00000000'00000000
00:03:30.404483 XMM4 =00000000'00000000'00000000'00000000  XMM5 =00000000'00000000'00000000'00000000
00:03:30.404485 XMM6 =00000000'00000000'00000000'00000000  XMM7 =00000000'00000000'00000000'00000000
00:03:30.404486 XMM8 =00000000'00000000'00000000'00000000  XMM9 =00000000'00000000'00000000'00000000
00:03:30.404487 XMM10=00000000'00000000'00000000'00000000  XMM11=00000000'00000000'00000000'00000000
00:03:30.404488 XMM12=00000000'00000000'00000000'00000000  XMM13=00000000'00000000'00000000'00000000
00:03:30.404490 XMM14=00000000'00000000'00000000'00000000  XMM15=00000000'00000000'00000000'00000000
00:03:30.404491 EFER         =0000000000000d01
00:03:30.404492 PAT          =0407050600070106
00:03:30.404492 STAR         =0023001000000000
00:03:30.404493 CSTAR        =ffffffffb2601790
00:03:30.404493 LSTAR        =ffffffffb2600000
00:03:30.404494 SFMASK       =0000000000257fd5
00:03:30.404494 KERNELGSBASE =0000000000000000
00:03:30.404495 MTRR_CAP          =0000000000000510
00:03:30.404495 MTRR_DEF_TYPE     =0000000000000c00
00:03:30.404496 MTRR_FIX64K_00000 =0606060606060606
00:03:30.404496 MTRR_FIX16K_80000 =0606060606060606
00:03:30.404497 MTRR_FIX16K_A0000 =0000000000000000
00:03:30.404497 MTRR_FIX4K_C0000  =0505050505050505
00:03:30.404498 MTRR_FIX4K_C8000  =0505050505050505
00:03:30.404498 MTRR_FIX4K_D0000  =0505050505050505
00:03:30.404499 MTRR_FIX4K_D8000  =0505050505050505
00:03:30.404499 MTRR_FIX4K_E0000  =0505050505050505
00:03:30.404500 MTRR_FIX4K_E8000  =0505050505050505
00:03:30.404500 MTRR_FIX4K_F0000  =0505050505050505
00:03:30.404501 MTRR_FIX4K_F8000  =0505050505050505
00:03:30.404501 MTRR_PHYSBASE[ 0] =0000000000000006 First=0000000000000000      0 MB [WB]
00:03:30.404502 MTRR_PHYSMASK[ 0] =0000007fe0000800 Last =000000001fffffff    511 MB [512 MB]
00:03:30.404504 MTRR_PHYSBASE[ 1] =0000000000000000
00:03:30.404505 MTRR_PHYSMASK[ 1] =0000000000000000
00:03:30.404505 MTRR_PHYSBASE[ 2] =0000000000000000
00:03:30.404505 MTRR_PHYSMASK[ 2] =0000000000000000
00:03:30.404506 MTRR_PHYSBASE[ 3] =0000000000000000
00:03:30.404506 MTRR_PHYSMASK[ 3] =0000000000000000
00:03:30.404507 MTRR_PHYSBASE[ 4] =0000000000000000
00:03:30.404507 MTRR_PHYSMASK[ 4] =0000000000000000
00:03:30.404507 MTRR_PHYSBASE[ 5] =0000000000000000
00:03:30.404508 MTRR_PHYSMASK[ 5] =0000000000000000
00:03:30.404508 MTRR_PHYSBASE[ 6] =0000000000000000
00:03:30.404509 MTRR_PHYSMASK[ 6] =0000000000000000
00:03:30.404509 MTRR_PHYSBASE[ 7] =0000000000000000
00:03:30.404509 MTRR_PHYSMASK[ 7] =0000000000000000
00:03:30.404510 MTRR_PHYSBASE[ 8] =0000000000000000
00:03:30.404510 MTRR_PHYSMASK[ 8] =0000000000000000
00:03:30.404511 MTRR_PHYSBASE[ 9] =0000000000000000
00:03:30.404511 MTRR_PHYSMASK[ 9] =0000000000000000
00:03:30.404511 MTRR_PHYSBASE[10] =0000000000000000
00:03:30.404512 MTRR_PHYSMASK[10] =0000000000000000
00:03:30.404512 MTRR_PHYSBASE[11] =0000000000000000
00:03:30.404513 MTRR_PHYSMASK[11] =0000000000000000
00:03:30.404513 MTRR_PHYSBASE[12] =0000000000000000
00:03:30.404513 MTRR_PHYSMASK[12] =0000000000000000
00:03:30.404514 MTRR_PHYSBASE[13] =0000000000000000
00:03:30.404514 MTRR_PHYSMASK[13] =0000000000000000
00:03:30.404515 MTRR_PHYSBASE[14] =0000000000000000
00:03:30.404515 MTRR_PHYSMASK[14] =0000000000000000
00:03:30.404515 MTRR_PHYSBASE[15] =0000000000000000
00:03:30.404516 MTRR_PHYSMASK[15] =0000000000000000
00:03:30.404519 ***
00:03:30.404524 VCPU[0] hardware virtualization state:
00:03:30.404524 fSavedInhibit                = 0x0
00:03:30.404525 In nested-guest hwvirt mode  = false
00:03:30.404526 Hwvirt state disabled.
00:03:30.404527 ***
00:03:30.404531 Guest paging mode (VCPU #0):  AMD64+NX (changed 335 times), A20 enabled (changed 2 times)
00:03:30.404532 Guest SLAT mode (VCPU #0): Direct
00:03:30.404533 Shadow paging mode (VCPU #0): None
00:03:30.404534 Host paging mode:             AMD64+NX
00:03:30.404535 ***
00:03:30.404536 Active Timers (pVM=000001cb578b0000)
00:03:30.404537 pTimerR3         offNext  offPrev  offSched Clock               Time             Expire HzHint State                     Description
00:03:30.404539 000001cb77d70380 00000003 ffffffff ffffffff Real             1344689            1344691      0 2-ACTIVE                  CPU Load Timer
00:03:30.404544 000001cb77d70180 ffffffff 00000007 ffffffff Real             1344689            1344693      0 2-ACTIVE                  VGA Refresh
00:03:30.404546 000001cb77ec0100 00000004 ffffffff ffffffff VrSy        201836625387       201875299336     18 2-ACTIVE                  i8254 PIT
00:03:30.404549 000001cb77ec0200 00000009 00000002 ffffffff VrSy        201836627961       201990000000      0 2-ACTIVE                  MC146818 RTC Second
00:03:30.404551 000001cb77ec0480 ffffffff 00000004 ffffffff VrSy        201836630016       599932015941      0 2-ACTIVE                  ACPI PM
00:03:30.404553 ***
00:03:30.404555 Guest GDT (GCAddr=fffffe0000001000 limit=7f):
00:03:30.404563 0008 - 0000ffff 00cf9b00 - base=00000000 limit=ffffffff dpl=0 CodeER Accessed Present Page 32-bit 
00:03:30.404564 0010 - 0000ffff 00af9b00 - base=00000000 limit=ffffffff dpl=0 CodeER Accessed Present Page 16-bit 
00:03:30.404565 0018 - 0000ffff 00cf9300 - base=00000000 limit=ffffffff dpl=0 DataRW Accessed Present Page 32-bit 
00:03:30.404566 0020 - 0000ffff 00cffb00 - base=00000000 limit=ffffffff dpl=3 CodeER Accessed Present Page 32-bit 
00:03:30.404567 0028 - 0000ffff 00cff300 - base=00000000 limit=ffffffff dpl=3 DataRW Accessed Present Page 32-bit 
00:03:30.404568 0030 - 0000ffff 00affb00 - base=00000000 limit=ffffffff dpl=3 CodeER Accessed Present Page 16-bit 
00:03:30.404570 0040 - 30004087 00008b00 - base=00003000 limit=00004087 dpl=0 TSS32Busy Present 16-bit 
00:03:30.404572 0078 - 00000000 0040f500 - base=00000000 limit=00000000 dpl=3 DataDownRO Accessed Present 32-bit 
00:03:30.404573 ************** End of Guest state at power off ***************
00:03:30.405421 AIOMgr: Async flushes not supported
00:03:33.279770 GUI: Cannot notify guest about VM window in-focus event
00:03:39.825141 GUI: Cannot notify guest about VM window out-of-focus event
00:03:49.825536 GUI: Cannot notify guest about VM window in-focus event
00:03:53.179756 GUI: Cannot notify guest about VM window out-of-focus event
